#
# A fatal error has been detected by the Java Runtime Environment:
#
#  SIGSEGV (0xb) at pc=0x00007f746e005060, pid=15692, tid=0x00007f74c4976700
#
# JRE version: OpenJDK Runtime Environment (8.0_112-b06) (build 1.8.0_112-release-b06)
# Java VM: OpenJDK 64-Bit Server VM (25.112-b06 mixed mode linux-amd64 compressed oops)
# Problematic frame:
# C  0x00007f746e005060
#
# Failed to write core dump. Core dumps have been disabled. To enable core dumping, try "ulimit -c unlimited" before starting Java again
#
# If you would like to submit a bug report, please visit:
#   http://bugreport.java.com/bugreport/crash.jsp
#

---------------  T H R E A D  ---------------

Current thread (0x00007f74bc00a000):  JavaThread "main" [_thread_in_Java, id=15694, stack(0x00007f74c4876000,0x00007f74c4977000)]

siginfo: si_signo: 11 (SIGSEGV), si_code: 2 (SEGV_ACCERR), si_addr: 0x00007f746e005060

Registers:
RAX=0x00007f74a4691698, RBX=0x00007f74a4691698, RCX=0x000000076e7cbf28, RDX=0x0000000000000004
RSP=0x00007f74c49755f8, RBP=0x00007f74c4975660, RSI=0x000000076e7cbf28, RDI=0x00000000000075f3
R8 =0x000000000000000e, R9 =0x00000000000075f2, R10=0x00007f74c3d7ebc0, R11=0x00007f74adbadca0
R12=0x0000000000000000, R13=0x00007f74c4975610, R14=0x00007f74c4975698, R15=0x00007f74bc00a000
RIP=0x00007f746e005060, EFLAGS=0x0000000000010206, CSGSFS=0x0000000000000033, ERR=0x0000000000000014
  TRAPNO=0x000000000000000e

Top of Stack: (sp=0x00007f74c49755f8)
0x00007f74c49755f8:   00007f74ad008042 00000000000e701a
0x00007f74c4975608:   00007f74ad008042 0000000000000004
0x00007f74c4975618:   000000076e7cbf28 00007f74c4975620
0x00007f74c4975628:   00007f74a442099c 00007f74c4975698
0x00007f74c4975638:   00007f74a4420ef8 0000000000000000
0x00007f74c4975648:   00007f74a44209f0 00007f74c4975610
0x00007f74c4975658:   00007f74c4975690 00007f74c49756e0
0x00007f74c4975668:   00007f74ad007ffd 000000076bf29508
0x00007f74c4975678:   000000076e7ce850 0000000000000004
0x00007f74c4975688:   00000006c0249808 000000076e7cbf28
0x00007f74c4975698:   00000006c024c090 00007f74c49756a0
0x00007f74c49756a8:   00007f74a441bb8b 00007f74c4975700
0x00007f74c49756b8:   00007f74a4420bc0 0000000000000000
0x00007f74c49756c8:   00007f74a441bbd0 00007f74c4975690
0x00007f74c49756d8:   00007f74c49756f8 00007f74c4975748
0x00007f74c49756e8:   00007f74ad007ffd 0000000000000070
0x00007f74c49756f8:   000000076e7cbf28 00000006c024c090
0x00007f74c4975708:   00007f74c4975708 00007f74a4417f99
0x00007f74c4975718:   00007f74c49757a0 00007f74a441f040
0x00007f74c4975728:   0000000000000000 00007f74a4418150
0x00007f74c4975738:   00007f74c49756f8 00007f74c4975790
0x00007f74c4975748:   00007f74c49757e8 00007f74ad007d80
0x00007f74c4975758:   0000000000000000 00000006c024c090
0x00007f74c4975768:   0000000000000001 000000076e7cbf28
0x00007f74c4975778:   000000076e7f8850 0000000000125aa4
0x00007f74c4975788:   000000000000000d 0000000000000000
0x00007f74c4975798:   0000000000000000 00000006c0249808
0x00007f74c49757a8:   00007f74c49757a8 00007f74a441705d
0x00007f74c49757b8:   00007f74c4975818 00007f74a441f040
0x00007f74c49757c8:   0000000000000000 00007f74a44170c0
0x00007f74c49757d8:   00007f74c4975790 00007f74c4975808
0x00007f74c49757e8:   00007f74c4975860 00007f74ad007d80 

Instructions: (pc=0x00007f746e005060)
0x00007f746e005040:   
[error occurred during error reporting (printing registers, top of stack, instructions near pc), id 0xb]

Register to memory mapping:

RAX={method} {0x00007f74a4691698} 'alignTo' '(I)V' in 'com/android/dx/util/ByteArrayAnnotatedOutput'
RBX={method} {0x00007f74a4691698} 'alignTo' '(I)V' in 'com/android/dx/util/ByteArrayAnnotatedOutput'
RCX=0x000000076e7cbf28 is an oop
com.android.dx.util.ByteArrayAnnotatedOutput 
 - klass: 'com/android/dx/util/ByteArrayAnnotatedOutput'
RDX=0x0000000000000004 is an unknown value
RSP=0x00007f74c49755f8 is pointing into the stack for thread: 0x00007f74bc00a000
RBP=0x00007f74c4975660 is pointing into the stack for thread: 0x00007f74bc00a000
RSI=0x000000076e7cbf28 is an oop
com.android.dx.util.ByteArrayAnnotatedOutput 
 - klass: 'com/android/dx/util/ByteArrayAnnotatedOutput'
RDI=0x00000000000075f3 is an unknown value
R8 =0x000000000000000e is an unknown value
R9 =0x00000000000075f2 is an unknown value
R10=0x00007f74c3d7ebc0: <offset 0xedfbc0> in /opt/android-studio/jre/jre/lib/amd64/server/libjvm.so at 0x00007f74c2e9f000
R11=0x00007f74adbadca0 is at entry_point+32 in (nmethod*)0x00007f74adbadad0
R12=0x0000000000000000 is an unknown value
R13=0x00007f74c4975610 is pointing into the stack for thread: 0x00007f74bc00a000
R14=0x00007f74c4975698 is pointing into the stack for thread: 0x00007f74bc00a000
R15=0x00007f74bc00a000 is a thread


Stack: [0x00007f74c4876000,0x00007f74c4977000],  sp=0x00007f74c49755f8,  free space=1021k
Native frames: (J=compiled Java code, j=interpreted, Vv=VM code, C=native code)
C  0x00007f746e005060
j  com.android.dx.dex.file.Section.writeTo(Lcom/android/dx/util/AnnotatedOutput;)V+155
j  com.android.dx.dex.file.DexFile.toDex0(ZZ)Lcom/android/dx/util/ByteArrayAnnotatedOutput;+369
j  com.android.dx.dex.file.DexFile.toDex(Ljava/io/Writer;Z)[B+13
j  com.android.dx.command.dexer.Main.writeDex(Lcom/android/dx/dex/file/DexFile;)[B+44
j  com.android.dx.command.dexer.Main.runMonoDex()I+106
j  com.android.dx.command.dexer.Main.run(Lcom/android/dx/command/dexer/Main$Arguments;)I+76
j  com.android.dx.command.dexer.Main.main([Ljava/lang/String;)V+14
j  com.android.dx.command.Main.main([Ljava/lang/String;)V+61
v  ~StubRoutines::call_stub
V  [libjvm.so+0x62915a]  JavaCalls::call_helper(JavaValue*, methodHandle*, JavaCallArguments*, Thread*)+0xeea
V  [libjvm.so+0x63995a]  jni_invoke_static(JNIEnv_*, JavaValue*, _jobject*, JNICallType, _jmethodID*, JNI_ArgumentPusher*, Thread*) [clone .isra.200]+0x2fa
V  [libjvm.so+0x64a90e]  jni_CallStaticVoidMethod+0x16e
C  [libjli.so+0x8149]  JavaMain+0xa09
C  [libpthread.so.0+0x8064]  start_thread+0xc4


---------------  P R O C E S S  ---------------

Java Threads: ( => current thread )
  0x00007f74bc0bf800 JavaThread "Service Thread" daemon [_thread_blocked, id=15713, stack(0x00007f7492a00000,0x00007f7492b01000)]
  0x00007f74bc0bc800 JavaThread "C1 CompilerThread2" daemon [_thread_blocked, id=15712, stack(0x00007f7492b01000,0x00007f7492c02000)]
  0x00007f74bc0bb000 JavaThread "C2 CompilerThread1" daemon [_thread_blocked, id=15711, stack(0x00007f7492c02000,0x00007f7492d03000)]
  0x00007f74bc0b8000 JavaThread "C2 CompilerThread0" daemon [_thread_blocked, id=15710, stack(0x00007f7492d03000,0x00007f7492e04000)]
  0x00007f74bc0b6800 JavaThread "Signal Dispatcher" daemon [_thread_blocked, id=15709, stack(0x00007f7492e04000,0x00007f7492f05000)]
  0x00007f74bc083800 JavaThread "Finalizer" daemon [_thread_blocked, id=15703, stack(0x00007f749308e000,0x00007f749318f000)]
  0x00007f74bc07f000 JavaThread "Reference Handler" daemon [_thread_blocked, id=15702, stack(0x00007f749318f000,0x00007f7493290000)]
=>0x00007f74bc00a000 JavaThread "main" [_thread_in_Java, id=15694, stack(0x00007f74c4876000,0x00007f74c4977000)]

Other Threads:
  0x00007f74bc077000 VMThread [stack: 0x00007f7493290000,0x00007f7493391000] [id=15701]
  0x00007f74bc0c2000 WatcherThread [stack: 0x00007f74928ff000,0x00007f7492a00000] [id=15714]

VM state:not at safepoint (normal execution)

VM Mutex/Monitor currently owned by a thread: None

Heap:
 PSYoungGen      total 330240K, used 83511K [0x000000076ab00000, 0x0000000786100000, 0x00000007c0000000)
  eden space 281600K, 22% used [0x000000076ab00000,0x000000076e91e308,0x000000077be00000)
  from space 48640K, 40% used [0x000000077f500000,0x000000078086fac0,0x0000000782480000)
  to   space 56320K, 0% used [0x000000077be00000,0x000000077be00000,0x000000077f500000)
 ParOldGen       total 160768K, used 98819K [0x00000006c0000000, 0x00000006c9d00000, 0x000000076ab00000)
  object space 160768K, 61% used [0x00000006c0000000,0x00000006c6080de8,0x00000006c9d00000)
 Metaspace       used 6868K, capacity 7604K, committed 7808K, reserved 1056768K
  class space    used 611K, capacity 620K, committed 640K, reserved 1048576K

Card table byte_map: [0x00007f74c0f41000,0x00007f74c1742000] byte_map_base: 0x00007f74bd941000

Marking Bits: (ParMarkBitMap*) 0x00007f74c3d6d340
 Begin Bits: [0x00007f74a5000000, 0x00007f74a9000000)
 End Bits:   [0x00007f74a9000000, 0x00007f74ad000000)

Polling page: 0x00007f74c499c000

CodeCache: size=245760Kb used=11977Kb max_used=11977Kb free=233782Kb
 bounds [0x00007f74ad000000, 0x00007f74adbc0000, 0x00007f74bc000000]
 total_blobs=3227 nmethods=2959 adapters=183
 compilation: enabled

Compilation events (10 events):
Event: 11.062 Thread 0x00007f74bc0b8000 nmethod 3102 0x00007f74adb9f0d0 code [0x00007f74adb9f220, 0x00007f74adb9f2d8]
Event: 11.062 Thread 0x00007f74bc0b8000 3103       4       com.android.dx.dex.file.Section::getAbsoluteOffset (38 bytes)
Event: 11.062 Thread 0x00007f74bc0b8000 nmethod 3103 0x00007f74adb9ee50 code [0x00007f74adb9efa0, 0x00007f74adb9f038]
Event: 11.063 Thread 0x00007f74bc0bc800 nmethod 3099 0x00007f74adbae2d0 code [0x00007f74adbae480, 0x00007f74adbae898]
Event: 11.063 Thread 0x00007f74bc0bc800 3100       3       com.android.dx.util.ByteArrayAnnotatedOutput::alignTo (69 bytes)
Event: 11.063 Thread 0x00007f74bc0bc800 nmethod 3100 0x00007f74adbadad0 code [0x00007f74adbadc80, 0x00007f74adbae108]
Event: 11.063 Thread 0x00007f74bc0bc800 3101       3       com.android.dx.dex.file.StringIdItem::writeTo (95 bytes)
Event: 11.064 Thread 0x00007f74bc0bb000 3104       4       com.android.dx.util.ByteArrayAnnotatedOutput::writeInt (90 bytes)
Event: 11.064 Thread 0x00007f74bc0b8000 3105       4       com.android.dx.util.ByteArrayAnnotatedOutput::alignTo (69 bytes)
Event: 11.064 Thread 0x00007f74bc0b8000 nmethod 3105 0x00007f74adb9ea90 code [0x00007f74adb9ebe0, 0x00007f74adb9ecf8]

GC Heap History (10 events):
Event: 4.971 GC heap before
{Heap before GC invocations=8 (full 1):
 PSYoungGen      total 140288K, used 15340K [0x000000076ab00000, 0x000000077e000000, 0x00000007c0000000)
  eden space 124928K, 0% used [0x000000076ab00000,0x000000076ab00000,0x0000000772500000)
  from space 15360K, 99% used [0x0000000772500000,0x00000007733fb2a8,0x0000000773400000)
  to   space 33280K, 0% used [0x000000077bf80000,0x000000077bf80000,0x000000077e000000)
 ParOldGen       total 54784K, used 54586K [0x00000006c0000000, 0x00000006c3580000, 0x000000076ab00000)
  object space 54784K, 99% used [0x00000006c0000000,0x00000006c354e908,0x00000006c3580000)
 Metaspace       used 6299K, capacity 7088K, committed 7296K, reserved 1056768K
  class space    used 588K, capacity 616K, committed 640K, reserved 1048576K
Event: 5.215 GC heap after
Heap after GC invocations=8 (full 1):
 PSYoungGen      total 140288K, used 8094K [0x000000076ab00000, 0x000000077e000000, 0x00000007c0000000)
  eden space 124928K, 0% used [0x000000076ab00000,0x000000076ab00000,0x0000000772500000)
  from space 15360K, 52% used [0x0000000772500000,0x0000000772ce79d8,0x0000000773400000)
  to   space 33280K, 0% used [0x000000077bf80000,0x000000077bf80000,0x000000077e000000)
 ParOldGen       total 99328K, used 54540K [0x00000006c0000000, 0x00000006c6100000, 0x000000076ab00000)
  object space 99328K, 54% used [0x00000006c0000000,0x00000006c3543278,0x00000006c6100000)
 Metaspace       used 6299K, capacity 7088K, committed 7296K, reserved 1056768K
  class space    used 588K, capacity 616K, committed 640K, reserved 1048576K
}
Event: 5.669 GC heap before
{Heap before GC invocations=9 (full 1):
 PSYoungGen      total 140288K, used 133022K [0x000000076ab00000, 0x000000077e000000, 0x00000007c0000000)
  eden space 124928K, 100% used [0x000000076ab00000,0x0000000772500000,0x0000000772500000)
  from space 15360K, 52% used [0x0000000772500000,0x0000000772ce79d8,0x0000000773400000)
  to   space 33280K, 0% used [0x000000077bf80000,0x000000077bf80000,0x000000077e000000)
 ParOldGen       total 99328K, used 54540K [0x00000006c0000000, 0x00000006c6100000, 0x000000076ab00000)
  object space 99328K, 54% used [0x00000006c0000000,0x00000006c3543278,0x00000006c6100000)
 Metaspace       used 6346K, capacity 7152K, committed 7296K, reserved 1056768K
  class space    used 588K, capacity 616K, committed 640K, reserved 1048576K
Event: 5.720 GC heap after
Heap after GC invocations=9 (full 1):
 PSYoungGen      total 231424K, used 25394K [0x000000076ab00000, 0x000000077d880000, 0x00000007c0000000)
  eden space 205824K, 0% used [0x000000076ab00000,0x000000076ab00000,0x0000000777400000)
  from space 25600K, 99% used [0x000000077bf80000,0x000000077d84cbb8,0x000000077d880000)
  to   space 36352K, 0% used [0x0000000779180000,0x0000000779180000,0x000000077b500000)
 ParOldGen       total 99328K, used 54588K [0x00000006c0000000, 0x00000006c6100000, 0x000000076ab00000)
  object space 99328K, 54% used [0x00000006c0000000,0x00000006c354f278,0x00000006c6100000)
 Metaspace       used 6346K, capacity 7152K, committed 7296K, reserved 1056768K
  class space    used 588K, capacity 616K, committed 640K, reserved 1048576K
}
Event: 6.265 GC heap before
{Heap before GC invocations=10 (full 1):
 PSYoungGen      total 231424K, used 231218K [0x000000076ab00000, 0x000000077d880000, 0x00000007c0000000)
  eden space 205824K, 100% used [0x000000076ab00000,0x0000000777400000,0x0000000777400000)
  from space 25600K, 99% used [0x000000077bf80000,0x000000077d84cbb8,0x000000077d880000)
  to   space 36352K, 0% used [0x0000000779180000,0x0000000779180000,0x000000077b500000)
 ParOldGen       total 99328K, used 54588K [0x00000006c0000000, 0x00000006c6100000, 0x000000076ab00000)
  object space 99328K, 54% used [0x00000006c0000000,0x00000006c354f278,0x00000006c6100000)
 Metaspace       used 6395K, capacity 7152K, committed 7296K, reserved 1056768K
  class space    used 588K, capacity 616K, committed 640K, reserved 1048576K
Event: 6.344 GC heap after
Heap after GC invocations=10 (full 1):
 PSYoungGen      total 272384K, used 36335K [0x000000076ab00000, 0x0000000782480000, 0x00000007c0000000)
  eden space 236032K, 0% used [0x000000076ab00000,0x000000076ab00000,0x0000000779180000)
  from space 36352K, 99% used [0x0000000779180000,0x000000077b4fbd38,0x000000077b500000)
  to   space 48640K, 0% used [0x000000077f500000,0x000000077f500000,0x0000000782480000)
 ParOldGen       total 99328K, used 69225K [0x00000006c0000000, 0x00000006c6100000, 0x000000076ab00000)
  object space 99328K, 69% used [0x00000006c0000000,0x00000006c439a498,0x00000006c6100000)
 Metaspace       used 6395K, capacity 7152K, committed 7296K, reserved 1056768K
  class space    used 588K, capacity 616K, committed 640K, reserved 1048576K
}
Event: 6.947 GC heap before
{Heap before GC invocations=11 (full 1):
 PSYoungGen      total 272384K, used 272367K [0x000000076ab00000, 0x0000000782480000, 0x00000007c0000000)
  eden space 236032K, 100% used [0x000000076ab00000,0x0000000779180000,0x0000000779180000)
  from space 36352K, 99% used [0x0000000779180000,0x000000077b4fbd38,0x000000077b500000)
  to   space 48640K, 0% used [0x000000077f500000,0x000000077f500000,0x0000000782480000)
 ParOldGen       total 99328K, used 69225K [0x00000006c0000000, 0x00000006c6100000, 0x000000076ab00000)
  object space 99328K, 69% used [0x00000006c0000000,0x00000006c439a498,0x00000006c6100000)
 Metaspace       used 6429K, capacity 7216K, committed 7296K, reserved 1056768K
  class space    used 590K, capacity 616K, committed 640K, reserved 1048576K
Event: 7.058 GC heap after
Heap after GC invocations=11 (full 1):
 PSYoungGen      total 330240K, used 46748K [0x000000076ab00000, 0x0000000786100000, 0x00000007c0000000)
  eden space 281600K, 0% used [0x000000076ab00000,0x000000076ab00000,0x000000077be00000)
  from space 48640K, 96% used [0x000000077f500000,0x00000007822a7310,0x0000000782480000)
  to   space 56320K, 0% used [0x000000077be00000,0x000000077be00000,0x000000077f500000)
 ParOldGen       total 99328K, used 90726K [0x00000006c0000000, 0x00000006c6100000, 0x000000076ab00000)
  object space 99328K, 91% used [0x00000006c0000000,0x00000006c5899940,0x00000006c6100000)
 Metaspace       used 6429K, capacity 7216K, committed 7296K, reserved 1056768K
  class space    used 590K, capacity 616K, committed 640K, reserved 1048576K
}
Event: 7.058 GC heap before
{Heap before GC invocations=12 (full 2):
 PSYoungGen      total 330240K, used 46748K [0x000000076ab00000, 0x0000000786100000, 0x00000007c0000000)
  eden space 281600K, 0% used [0x000000076ab00000,0x000000076ab00000,0x000000077be00000)
  from space 48640K, 96% used [0x000000077f500000,0x00000007822a7310,0x0000000782480000)
  to   space 56320K, 0% used [0x000000077be00000,0x000000077be00000,0x000000077f500000)
 ParOldGen       total 99328K, used 90726K [0x00000006c0000000, 0x00000006c6100000, 0x000000076ab00000)
  object space 99328K, 91% used [0x00000006c0000000,0x00000006c5899940,0x00000006c6100000)
 Metaspace       used 6429K, capacity 7216K, committed 7296K, reserved 1056768K
  class space    used 590K, capacity 616K, committed 640K, reserved 1048576K
Event: 7.718 GC heap after
Heap after GC invocations=12 (full 2):
 PSYoungGen      total 330240K, used 19902K [0x000000076ab00000, 0x0000000786100000, 0x00000007c0000000)
  eden space 281600K, 0% used [0x000000076ab00000,0x000000076ab00000,0x000000077be00000)
  from space 48640K, 40% used [0x000000077f500000,0x000000078086fac0,0x0000000782480000)
  to   space 56320K, 0% used [0x000000077be00000,0x000000077be00000,0x000000077f500000)
 ParOldGen       total 160768K, used 98819K [0x00000006c0000000, 0x00000006c9d00000, 0x000000076ab00000)
  object space 160768K, 61% used [0x00000006c0000000,0x00000006c6080de8,0x00000006c9d00000)
 Metaspace       used 6429K, capacity 7216K, committed 7296K, reserved 1056768K
  class space    used 590K, capacity 616K, committed 640K, reserved 1048576K
}

Deoptimization events (10 events):
Event: 8.626 Thread 0x00007f74bc00a000 Uncommon trap: reason=speculate_class_check action=maybe_recompile pc=0x00007f74ad559f7c method=com.android.dx.util.FixedSizeList.equals(Ljava/lang/Object;)Z @ 25
Event: 8.627 Thread 0x00007f74bc00a000 Uncommon trap: reason=class_check action=maybe_recompile pc=0x00007f74ad3ea428 method=java.util.Arrays.equals([Ljava/lang/Object;[Ljava/lang/Object;)Z @ 62
Event: 8.627 Thread 0x00007f74bc00a000 Uncommon trap: reason=speculate_class_check action=maybe_recompile pc=0x00007f74ad559f7c method=com.android.dx.util.FixedSizeList.equals(Ljava/lang/Object;)Z @ 25
Event: 8.627 Thread 0x00007f74bc00a000 Uncommon trap: reason=unstable_if action=reinterpret pc=0x00007f74ad3ea464 method=java.util.Arrays.equals([Ljava/lang/Object;[Ljava/lang/Object;)Z @ 23
Event: 8.629 Thread 0x00007f74bc00a000 Uncommon trap: reason=speculate_class_check action=maybe_recompile pc=0x00007f74ad559f7c method=com.android.dx.util.FixedSizeList.equals(Ljava/lang/Object;)Z @ 25
Event: 8.650 Thread 0x00007f74bc00a000 Uncommon trap: reason=unstable_if action=reinterpret pc=0x00007f74ad9a1de0 method=java.util.TreeMap.put(Ljava/lang/Object;Ljava/lang/Object;)Ljava/lang/Object; @ 163
Event: 9.281 Thread 0x00007f74bc00a000 Uncommon trap: reason=unstable_if action=reinterpret pc=0x00007f74ada93c6c method=com.android.dx.rop.code.RegisterSpec.equalsUsingSimpleType(Lcom/android/dx/rop/code/RegisterSpec;)Z @ 5
Event: 9.427 Thread 0x00007f74bc00a000 Uncommon trap: reason=unstable_if action=reinterpret pc=0x00007f74adaa92c4 method=com.android.dx.dex.code.LocalList$MakeState.snapshot(ILcom/android/dx/rop/code/RegisterSpecSet;)V @ 86
Event: 10.254 Thread 0x00007f74bc00a000 Uncommon trap: reason=unstable_if action=reinterpret pc=0x00007f74ad20f35c method=java.lang.Long.numberOfTrailingZeros(J)I @ 3
Event: 11.060 Thread 0x00007f74bc00a000 Uncommon trap: reason=unstable_if action=reinterpret pc=0x00007f74adb42854 method=com.android.dx.util.ByteArrayAnnotatedOutput.writeByte(I)V @ 13

Internal exceptions (8 events):
Event: 0.111 Thread 0x00007f74bc00a000 Exception <a 'java/lang/NoSuchMethodError': Method sun.misc.Unsafe.defineClass(Ljava/lang/String;[BII)Ljava/lang/Class; name or signature does not match> (0x000000076ab07c78) thrown at [/ssd/Android/AOSP-openjdk/external/jetbrains/jdk/hotspot/src/share/vm
Event: 0.111 Thread 0x00007f74bc00a000 Exception <a 'java/lang/NoSuchMethodError': Method sun.misc.Unsafe.prefetchRead(Ljava/lang/Object;J)V name or signature does not match> (0x000000076ab07f60) thrown at [/ssd/Android/AOSP-openjdk/external/jetbrains/jdk/hotspot/src/share/vm/prims/jni.cpp, li
Event: 1.511 Thread 0x00007f74bc140000 Implicit null exception at 0x00007f74ad283fe2 to 0x00007f74ad28408a
Event: 1.581 Thread 0x00007f74bc146000 Exception <a 'java/lang/ArrayIndexOutOfBoundsException': 18> (0x000000076ae58e18) thrown at [/ssd/Android/AOSP-openjdk/external/jetbrains/jdk/hotspot/src/share/vm/interpreter/interpreterRuntime.cpp, line 366]
Event: 1.581 Thread 0x00007f74bc146000 Exception <a 'java/lang/ArrayIndexOutOfBoundsException': 145> (0x000000076ae5a998) thrown at [/ssd/Android/AOSP-openjdk/external/jetbrains/jdk/hotspot/src/share/vm/interpreter/interpreterRuntime.cpp, line 366]
Event: 1.584 Thread 0x00007f74bc146000 Exception <a 'java/lang/ArrayIndexOutOfBoundsException': 40> (0x000000076ae5bc80) thrown at [/ssd/Android/AOSP-openjdk/external/jetbrains/jdk/hotspot/src/share/vm/interpreter/interpreterRuntime.cpp, line 366]
Event: 1.622 Thread 0x00007f74bc00a000 Implicit null exception at 0x00007f74ad2ece4e to 0x00007f74ad2ef60d
Event: 1.622 Thread 0x00007f74bc00a000 Implicit null exception at 0x00007f74ad295200 to 0x00007f74ad2975c1

Events (10 events):
Event: 10.254 Thread 0x00007f74bc00a000 DEOPT UNPACKING pc=0x00007f74ad004f69 sp=0x00007f74c4975310 mode 2
Event: 10.266 loading class com/android/dx/dex/file/MapItem
Event: 10.266 loading class com/android/dx/dex/file/MapItem done
Event: 10.492 loading class com/android/dx/dex/file/UniformListItem
Event: 10.492 loading class com/android/dx/dex/file/UniformListItem done
Event: 10.834 loading class com/android/dex/DexFormat
Event: 10.834 loading class com/android/dex/DexFormat done
Event: 11.060 Thread 0x00007f74bc00a000 Uncommon trap: trap_request=0xffffff65 fr.pc=0x00007f74adb42854
Event: 11.060 Thread 0x00007f74bc00a000 DEOPT PACKING pc=0x00007f74adb42854 sp=0x00007f74c4975510
Event: 11.060 Thread 0x00007f74bc00a000 DEOPT UNPACKING pc=0x00007f74ad004f69 sp=0x00007f74c49754e8 mode 2


Dynamic libraries:
00400000-00401000 r-xp 00000000 08:01 802789                             /opt/android-studio/jre/bin/java
00600000-00601000 r--p 00000000 08:01 802789                             /opt/android-studio/jre/bin/java
00601000-00602000 rw-p 00001000 08:01 802789                             /opt/android-studio/jre/bin/java
00eb1000-00ed2000 rw-p 00000000 00:00 0                                  [heap]
6c0000000-6c9d00000 rw-p 00000000 00:00 0 
6c9d00000-76ab00000 ---p 00000000 00:00 0 
76ab00000-786100000 rw-p 00000000 00:00 0 
786100000-7c0000000 ---p 00000000 00:00 0 
7c0000000-7c00a0000 rw-p 00000000 00:00 0 
7c00a0000-800000000 ---p 00000000 00:00 0 
7f7454000000-7f7454022000 rw-p 00000000 00:00 0 
7f7454022000-7f7458000000 ---p 00000000 00:00 0 
7f745c000000-7f745c021000 rw-p 00000000 00:00 0 
7f745c021000-7f7460000000 ---p 00000000 00:00 0 
7f7460000000-7f746003d000 rw-p 00000000 00:00 0 
7f746003d000-7f7464000000 ---p 00000000 00:00 0 
7f7464000000-7f7464041000 rw-p 00000000 00:00 0 
7f7464041000-7f7468000000 ---p 00000000 00:00 0 
7f7468000000-7f7468021000 rw-p 00000000 00:00 0 
7f7468021000-7f746c000000 ---p 00000000 00:00 0 
7f746c000000-7f746c021000 rw-p 00000000 00:00 0 
7f746c021000-7f7470000000 ---p 00000000 00:00 0 
7f7470000000-7f7470936000 rw-p 00000000 00:00 0 
7f7470936000-7f7474000000 ---p 00000000 00:00 0 
7f7474000000-7f747528a000 rw-p 00000000 00:00 0 
7f747528a000-7f7478000000 ---p 00000000 00:00 0 
7f7478000000-7f7478021000 rw-p 00000000 00:00 0 
7f7478021000-7f747c000000 ---p 00000000 00:00 0 
7f747c000000-7f747c021000 rw-p 00000000 00:00 0 
7f747c021000-7f7480000000 ---p 00000000 00:00 0 
7f7480000000-7f7480de9000 rw-p 00000000 00:00 0 
7f7480de9000-7f7484000000 ---p 00000000 00:00 0 
7f7484000000-7f7484021000 rw-p 00000000 00:00 0 
7f7484021000-7f7488000000 ---p 00000000 00:00 0 
7f7488000000-7f7488021000 rw-p 00000000 00:00 0 
7f7488021000-7f748c000000 ---p 00000000 00:00 0 
7f748c000000-7f748c021000 rw-p 00000000 00:00 0 
7f748c021000-7f7490000000 ---p 00000000 00:00 0 
7f74923e1000-7f74923e4000 ---p 00000000 00:00 0 
7f74923e4000-7f74924e2000 rw-p 00000000 00:00 0 
7f74924e2000-7f74924e5000 ---p 00000000 00:00 0 
7f74924e5000-7f74925e3000 rw-p 00000000 00:00 0 
7f74925e3000-7f74925e6000 ---p 00000000 00:00 0 
7f74925e6000-7f74926e4000 rw-p 00000000 00:00 0 
7f74926e4000-7f74926e7000 ---p 00000000 00:00 0 
7f74926e7000-7f74927e5000 rw-p 00000000 00:00 0 
7f74927e5000-7f74927e8000 ---p 00000000 00:00 0 
7f74927e8000-7f74928e6000 rw-p 00000000 00:00 0 
7f74928ff000-7f7492900000 ---p 00000000 00:00 0 
7f7492900000-7f7492a00000 rw-p 00000000 00:00 0                          [stack:15714]
7f7492a00000-7f7492a03000 ---p 00000000 00:00 0 
7f7492a03000-7f7492b01000 rw-p 00000000 00:00 0                          [stack:15713]
7f7492b01000-7f7492b04000 ---p 00000000 00:00 0 
7f7492b04000-7f7492c02000 rw-p 00000000 00:00 0                          [stack:15712]
7f7492c02000-7f7492c05000 ---p 00000000 00:00 0 
7f7492c05000-7f7492d03000 rw-p 00000000 00:00 0                          [stack:15711]
7f7492d03000-7f7492d06000 ---p 00000000 00:00 0 
7f7492d06000-7f7492e04000 rw-p 00000000 00:00 0                          [stack:15710]
7f7492e04000-7f7492e07000 ---p 00000000 00:00 0 
7f7492e07000-7f7492f05000 rw-p 00000000 00:00 0                          [stack:15709]
7f7492f05000-7f749308e000 r--p 00000000 08:01 393436                     /usr/lib/locale/locale-archive
7f749308e000-7f7493091000 ---p 00000000 00:00 0 
7f7493091000-7f749318f000 rw-p 00000000 00:00 0                          [stack:15703]
7f749318f000-7f7493192000 ---p 00000000 00:00 0 
7f7493192000-7f7493290000 rw-p 00000000 00:00 0                          [stack:15702]
7f7493290000-7f7493291000 ---p 00000000 00:00 0 
7f7493291000-7f7494000000 rw-p 00000000 00:00 0                          [stack:15701]
7f7494000000-7f7494021000 rw-p 00000000 00:00 0 
7f7494021000-7f7498000000 ---p 00000000 00:00 0 
7f7498000000-7f7498021000 rw-p 00000000 00:00 0 
7f7498021000-7f749c000000 ---p 00000000 00:00 0 
7f749c000000-7f749c021000 rw-p 00000000 00:00 0 
7f749c021000-7f74a0000000 ---p 00000000 00:00 0 
7f74a0000000-7f74a0021000 rw-p 00000000 00:00 0 
7f74a0021000-7f74a4000000 ---p 00000000 00:00 0 
7f74a4000000-7f74a4700000 rw-p 00000000 00:00 0 
7f74a4700000-7f74a4800000 ---p 00000000 00:00 0 
7f74a4800000-7f74ad000000 rw-p 00000000 00:00 0 
7f74ad000000-7f74adbc0000 rwxp 00000000 00:00 0 
7f74adbc0000-7f74bc000000 ---p 00000000 00:00 0 
7f74bc000000-7f74bc431000 rw-p 00000000 00:00 0 
7f74bc431000-7f74c0000000 ---p 00000000 00:00 0 
7f74c000f000-7f74c03a2000 rw-p 00000000 00:00 0 
7f74c03a2000-7f74c0571000 r--s 03c1b000 08:01 802846                     /opt/android-studio/jre/jre/lib/rt.jar
7f74c0571000-7f74c05e7000 rw-p 00000000 00:00 0 
7f74c05e7000-7f74c05e8000 ---p 00000000 00:00 0 
7f74c05e8000-7f74c06e8000 rw-p 00000000 00:00 0                          [stack:15700]
7f74c06e8000-7f74c06e9000 ---p 00000000 00:00 0 
7f74c06e9000-7f74c07e9000 rw-p 00000000 00:00 0                          [stack:15699]
7f74c07e9000-7f74c07ea000 ---p 00000000 00:00 0 
7f74c07ea000-7f74c08ea000 rw-p 00000000 00:00 0                          [stack:15698]
7f74c08ea000-7f74c08eb000 ---p 00000000 00:00 0 
7f74c08eb000-7f74c0a3a000 rw-p 00000000 00:00 0                          [stack:15697]
7f74c0a3a000-7f74c0f41000 ---p 00000000 00:00 0 
7f74c0f41000-7f74c0f90000 rw-p 00000000 00:00 0 
7f74c0f90000-7f74c1496000 ---p 00000000 00:00 0 
7f74c1496000-7f74c1572000 rw-p 00000000 00:00 0 
7f74c1572000-7f74c1741000 ---p 00000000 00:00 0 
7f74c1741000-7f74c1771000 rw-p 00000000 00:00 0 
7f74c1771000-7f74c1b02000 ---p 00000000 00:00 0 
7f74c1b02000-7f74c1b1c000 r-xp 00000000 08:01 802873                     /opt/android-studio/jre/jre/lib/amd64/libzip.so
7f74c1b1c000-7f74c1d1c000 ---p 0001a000 08:01 802873                     /opt/android-studio/jre/jre/lib/amd64/libzip.so
7f74c1d1c000-7f74c1d1d000 r--p 0001a000 08:01 802873                     /opt/android-studio/jre/jre/lib/amd64/libzip.so
7f74c1d1d000-7f74c1d1e000 rw-p 0001b000 08:01 802873                     /opt/android-studio/jre/jre/lib/amd64/libzip.so
7f74c1d1e000-7f74c1d29000 r-xp 00000000 08:01 3807622                    /lib/x86_64-linux-gnu/libnss_files-2.19.so
7f74c1d29000-7f74c1f28000 ---p 0000b000 08:01 3807622                    /lib/x86_64-linux-gnu/libnss_files-2.19.so
7f74c1f28000-7f74c1f29000 r--p 0000a000 08:01 3807622                    /lib/x86_64-linux-gnu/libnss_files-2.19.so
7f74c1f29000-7f74c1f2a000 rw-p 0000b000 08:01 3807622                    /lib/x86_64-linux-gnu/libnss_files-2.19.so
7f74c1f2a000-7f74c1f34000 r-xp 00000000 08:01 3807624                    /lib/x86_64-linux-gnu/libnss_nis-2.19.so
7f74c1f34000-7f74c2133000 ---p 0000a000 08:01 3807624                    /lib/x86_64-linux-gnu/libnss_nis-2.19.so
7f74c2133000-7f74c2134000 r--p 00009000 08:01 3807624                    /lib/x86_64-linux-gnu/libnss_nis-2.19.so
7f74c2134000-7f74c2135000 rw-p 0000a000 08:01 3807624                    /lib/x86_64-linux-gnu/libnss_nis-2.19.so
7f74c2135000-7f74c214a000 r-xp 00000000 08:01 3807619                    /lib/x86_64-linux-gnu/libnsl-2.19.so
7f74c214a000-7f74c2349000 ---p 00015000 08:01 3807619                    /lib/x86_64-linux-gnu/libnsl-2.19.so
7f74c2349000-7f74c234a000 r--p 00014000 08:01 3807619                    /lib/x86_64-linux-gnu/libnsl-2.19.so
7f74c234a000-7f74c234b000 rw-p 00015000 08:01 3807619                    /lib/x86_64-linux-gnu/libnsl-2.19.so
7f74c234b000-7f74c234d000 rw-p 00000000 00:00 0 
7f74c234d000-7f74c2354000 r-xp 00000000 08:01 3807620                    /lib/x86_64-linux-gnu/libnss_compat-2.19.so
7f74c2354000-7f74c2553000 ---p 00007000 08:01 3807620                    /lib/x86_64-linux-gnu/libnss_compat-2.19.so
7f74c2553000-7f74c2554000 r--p 00006000 08:01 3807620                    /lib/x86_64-linux-gnu/libnss_compat-2.19.so
7f74c2554000-7f74c2555000 rw-p 00007000 08:01 3807620                    /lib/x86_64-linux-gnu/libnss_compat-2.19.so
7f74c2555000-7f74c2582000 r-xp 00000000 08:01 802883                     /opt/android-studio/jre/jre/lib/amd64/libjava.so
7f74c2582000-7f74c2781000 ---p 0002d000 08:01 802883                     /opt/android-studio/jre/jre/lib/amd64/libjava.so
7f74c2781000-7f74c2782000 r--p 0002c000 08:01 802883                     /opt/android-studio/jre/jre/lib/amd64/libjava.so
7f74c2782000-7f74c2784000 rw-p 0002d000 08:01 802883                     /opt/android-studio/jre/jre/lib/amd64/libjava.so
7f74c2784000-7f74c2794000 r-xp 00000000 08:01 802899                     /opt/android-studio/jre/jre/lib/amd64/libverify.so
7f74c2794000-7f74c2993000 ---p 00010000 08:01 802899                     /opt/android-studio/jre/jre/lib/amd64/libverify.so
7f74c2993000-7f74c2995000 r--p 0000f000 08:01 802899                     /opt/android-studio/jre/jre/lib/amd64/libverify.so
7f74c2995000-7f74c2996000 rw-p 00011000 08:01 802899                     /opt/android-studio/jre/jre/lib/amd64/libverify.so
7f74c2996000-7f74c299d000 r-xp 00000000 08:01 3807628                    /lib/x86_64-linux-gnu/librt-2.19.so
7f74c299d000-7f74c2b9c000 ---p 00007000 08:01 3807628                    /lib/x86_64-linux-gnu/librt-2.19.so
7f74c2b9c000-7f74c2b9d000 r--p 00006000 08:01 3807628                    /lib/x86_64-linux-gnu/librt-2.19.so
7f74c2b9d000-7f74c2b9e000 rw-p 00007000 08:01 3807628                    /lib/x86_64-linux-gnu/librt-2.19.so
7f74c2b9e000-7f74c2c9e000 r-xp 00000000 08:01 3807617                    /lib/x86_64-linux-gnu/libm-2.19.so
7f74c2c9e000-7f74c2e9d000 ---p 00100000 08:01 3807617                    /lib/x86_64-linux-gnu/libm-2.19.so
7f74c2e9d000-7f74c2e9e000 r--p 000ff000 08:01 3807617                    /lib/x86_64-linux-gnu/libm-2.19.so
7f74c2e9e000-7f74c2e9f000 rw-p 00100000 08:01 3807617                    /lib/x86_64-linux-gnu/libm-2.19.so
7f74c2e9f000-7f74c3a90000 r-xp 00000000 08:01 802903                     /opt/android-studio/jre/jre/lib/amd64/server/libjvm.so
7f74c3a90000-7f74c3c90000 ---p 00bf1000 08:01 802903                     /opt/android-studio/jre/jre/lib/amd64/server/libjvm.so
7f74c3c90000-7f74c3d2f000 r--p 00bf1000 08:01 802903                     /opt/android-studio/jre/jre/lib/amd64/server/libjvm.so
7f74c3d2f000-7f74c3d58000 rw-p 00c90000 08:01 802903                     /opt/android-studio/jre/jre/lib/amd64/server/libjvm.so
7f74c3d58000-7f74c3d9c000 rw-p 00000000 00:00 0 
7f74c3d9c000-7f74c3db4000 r-xp 00000000 08:01 3801586                    /lib/x86_64-linux-gnu/libpthread-2.19.so
7f74c3db4000-7f74c3fb3000 ---p 00018000 08:01 3801586                    /lib/x86_64-linux-gnu/libpthread-2.19.so
7f74c3fb3000-7f74c3fb4000 r--p 00017000 08:01 3801586                    /lib/x86_64-linux-gnu/libpthread-2.19.so
7f74c3fb4000-7f74c3fb5000 rw-p 00018000 08:01 3801586                    /lib/x86_64-linux-gnu/libpthread-2.19.so
7f74c3fb5000-7f74c3fb9000 rw-p 00000000 00:00 0 
7f74c3fb9000-7f74c3fbc000 r-xp 00000000 08:01 3807616                    /lib/x86_64-linux-gnu/libdl-2.19.so
7f74c3fbc000-7f74c41bb000 ---p 00003000 08:01 3807616                    /lib/x86_64-linux-gnu/libdl-2.19.so
7f74c41bb000-7f74c41bc000 r--p 00002000 08:01 3807616                    /lib/x86_64-linux-gnu/libdl-2.19.so
7f74c41bc000-7f74c41bd000 rw-p 00003000 08:01 3807616                    /lib/x86_64-linux-gnu/libdl-2.19.so
7f74c41bd000-7f74c435e000 r-xp 00000000 08:01 3807613                    /lib/x86_64-linux-gnu/libc-2.19.so
7f74c435e000-7f74c455e000 ---p 001a1000 08:01 3807613                    /lib/x86_64-linux-gnu/libc-2.19.so
7f74c455e000-7f74c4562000 r--p 001a1000 08:01 3807613                    /lib/x86_64-linux-gnu/libc-2.19.so
7f74c4562000-7f74c4564000 rw-p 001a5000 08:01 3807613                    /lib/x86_64-linux-gnu/libc-2.19.so
7f74c4564000-7f74c4568000 rw-p 00000000 00:00 0 
7f74c4568000-7f74c457e000 r-xp 00000000 08:01 802763                     /opt/android-studio/jre/lib/amd64/jli/libjli.so
7f74c457e000-7f74c477d000 ---p 00016000 08:01 802763                     /opt/android-studio/jre/lib/amd64/jli/libjli.so
7f74c477d000-7f74c477e000 r--p 00015000 08:01 802763                     /opt/android-studio/jre/lib/amd64/jli/libjli.so
7f74c477e000-7f74c477f000 rw-p 00016000 08:01 802763                     /opt/android-studio/jre/lib/amd64/jli/libjli.so
7f74c477f000-7f74c47a0000 r-xp 00000000 08:01 3801587                    /lib/x86_64-linux-gnu/ld-2.19.so
7f74c47a3000-7f74c4876000 rw-p 00000000 00:00 0 
7f74c4876000-7f74c4879000 ---p 00000000 00:00 0 
7f74c4879000-7f74c497b000 rw-p 00000000 00:00 0                          [stack:15694]
7f74c4982000-7f74c4985000 rw-p 00000000 00:00 0 
7f74c4985000-7f74c4993000 r--s 000e0000 08:01 1717867                    /root/Android/Sdk/build-tools/25.0.2/lib/dx.jar
7f74c4993000-7f74c499b000 rw-s 00000000 08:01 1465176                    /tmp/hsperfdata_root/15692
7f74c499b000-7f74c499c000 rw-p 00000000 00:00 0 
7f74c499c000-7f74c499d000 r--p 00000000 00:00 0 
7f74c499d000-7f74c499f000 rw-p 00000000 00:00 0 
7f74c499f000-7f74c49a0000 r--p 00020000 08:01 3801587                    /lib/x86_64-linux-gnu/ld-2.19.so
7f74c49a0000-7f74c49a1000 rw-p 00021000 08:01 3801587                    /lib/x86_64-linux-gnu/ld-2.19.so
7f74c49a1000-7f74c49a2000 rw-p 00000000 00:00 0 
7ffd9c0e1000-7ffd9c102000 rw-p 00000000 00:00 0                          [stack]
7ffd9c121000-7ffd9c123000 r-xp 00000000 00:00 0                          [vdso]
7ffd9c123000-7ffd9c125000 r--p 00000000 00:00 0                          [vvar]
ffffffffff600000-ffffffffff601000 r-xp 00000000 00:00 0                  [vsyscall]

VM Arguments:
jvm_args: -Djava.awt.headless=true -Xmx4g -Dfile.encoding=UTF-8 -Duser.country=US -Duser.language=en -Duser.variant 
java_command: com.android.dx.command.Main --dex --num-threads=4 --output /home/ioannisgk/EVsharingApp/app/build/intermediates/pre-dexed/debug/icu4j-3.4.4_27d9513ee47fc382d48bf920442392b65caf2a6d.jar /home/ioannisgk/EVsharingApp/app/lib/icu4j-3.4.4.jar
java_class_path (initial): /root/Android/Sdk/build-tools/25.0.2/lib/dx.jar
Launcher Type: SUN_STANDARD

Environment Variables:
JAVA_HOME=/opt/java-jdk/jdk1.8.0_151
PATH=/usr/local/sbin:/usr/local/bin:/usr/sbin:/usr/bin:/sbin:/bin
LD_LIBRARY_PATH=.:
SHELL=/bin/bash
DISPLAY=:0

Signal Handlers:
SIGSEGV: [libjvm.so+0x9e5150], sa_mask[0]=11111111011111111101111111111110, sa_flags=SA_RESTART|SA_SIGINFO
SIGBUS: [libjvm.so+0x9e5150], sa_mask[0]=11111111011111111101111111111110, sa_flags=SA_RESTART|SA_SIGINFO
SIGFPE: [libjvm.so+0x848450], sa_mask[0]=11111111011111111101111111111110, sa_flags=SA_RESTART|SA_SIGINFO
SIGPIPE: [libjvm.so+0x848450], sa_mask[0]=11111111011111111101111111111110, sa_flags=SA_RESTART|SA_SIGINFO
SIGXFSZ: [libjvm.so+0x848450], sa_mask[0]=11111111011111111101111111111110, sa_flags=SA_RESTART|SA_SIGINFO
SIGILL: [libjvm.so+0x848450], sa_mask[0]=11111111011111111101111111111110, sa_flags=SA_RESTART|SA_SIGINFO
SIGUSR1: SIG_DFL, sa_mask[0]=00000000000000000000000000000000, sa_flags=none
SIGUSR2: [libjvm.so+0x848320], sa_mask[0]=00100000000000000000000000000000, sa_flags=SA_RESTART|SA_SIGINFO
SIGHUP: [libjvm.so+0x848510], sa_mask[0]=11111111011111111101111111111110, sa_flags=SA_RESTART|SA_SIGINFO
SIGINT: [libjvm.so+0x848510], sa_mask[0]=11111111011111111101111111111110, sa_flags=SA_RESTART|SA_SIGINFO
SIGTERM: [libjvm.so+0x848510], sa_mask[0]=11111111011111111101111111111110, sa_flags=SA_RESTART|SA_SIGINFO
SIGQUIT: [libjvm.so+0x848510], sa_mask[0]=11111111011111111101111111111110, sa_flags=SA_RESTART|SA_SIGINFO


---------------  S Y S T E M  ---------------

OS:PRETTY_NAME="Debian GNU/Linux 8 (jessie)"
NAME="Debian GNU/Linux"
VERSION_ID="8"
VERSION="8 (jessie)"
ID=debian
HOME_URL="http://www.debian.org/"
SUPPORT_URL="http://www.debian.org/support"
BUG_REPORT_URL="https://bugs.debian.org/"

uname:Linux 3.16.0-4-amd64 #1 SMP Debian 3.16.43-2+deb8u5 (2017-09-19) x86_64
libc:glibc 2.19 NPTL 2.19 
rlimit: STACK 8192k, CORE 0k, NPROC 15780, NOFILE 65536, AS infinity
load average:5.89 2.41 1.31

/proc/meminfo:
MemTotal:        4057664 kB
MemFree:          104604 kB
MemAvailable:     104728 kB
Buffers:            2004 kB
Cached:           524504 kB
SwapCached:        72264 kB
Active:          2839468 kB
Inactive:         819844 kB
Active(anon):    2811824 kB
Inactive(anon):   769024 kB
Active(file):      27644 kB
Inactive(file):    50820 kB
Unevictable:        2032 kB
Mlocked:            2032 kB
SwapTotal:       9862140 kB
SwapFree:        8920884 kB
Dirty:              6476 kB
Writeback:         14620 kB
AnonPages:       3125352 kB
Mapped:           527332 kB
Shmem:            447524 kB
Slab:             137408 kB
SReclaimable:      90724 kB
SUnreclaim:        46684 kB
KernelStack:       11472 kB
PageTables:        46940 kB
NFS_Unstable:          0 kB
Bounce:                0 kB
WritebackTmp:          0 kB
CommitLimit:    11890972 kB
Committed_AS:   10445968 kB
VmallocTotal:   34359738367 kB
VmallocUsed:      346888 kB
VmallocChunk:   34359388156 kB
HardwareCorrupted:     0 kB
AnonHugePages:         0 kB
HugePages_Total:       0
HugePages_Free:        0
HugePages_Rsvd:        0
HugePages_Surp:        0
Hugepagesize:       2048 kB
DirectMap4k:     3615680 kB
DirectMap2M:      577536 kB


CPU:total 4 (4 cores per cpu, 1 threads per core) family 6 model 23 stepping 10, cmov, cx8, fxsr, mmx, sse, sse2, sse3, ssse3, sse4.1, tsc

/proc/cpuinfo:
processor	: 0
vendor_id	: GenuineIntel
cpu family	: 6
model		: 23
model name	: Intel(R) Core(TM)2 Quad CPU    Q9550  @ 2.83GHz
stepping	: 10
microcode	: 0xa0b
cpu MHz		: 2833.556
cache size	: 6144 KB
physical id	: 0
siblings	: 4
core id		: 0
cpu cores	: 4
apicid		: 0
initial apicid	: 0
fpu		: yes
fpu_exception	: yes
cpuid level	: 13
wp		: yes
flags		: fpu vme de pse tsc msr pae mce cx8 apic sep mtrr pge mca cmov pat pse36 clflush dts acpi mmx fxsr sse sse2 ss ht tm pbe syscall nx lm constant_tsc arch_perfmon pebs bts rep_good nopl aperfmperf pni dtes64 monitor ds_cpl vmx smx est tm2 ssse3 cx16 xtpr pdcm sse4_1 xsave lahf_lm dtherm tpr_shadow vnmi flexpriority
bogomips	: 5667.11
clflush size	: 64
cache_alignment	: 64
address sizes	: 36 bits physical, 48 bits virtual
power management:

processor	: 1
vendor_id	: GenuineIntel
cpu family	: 6
model		: 23
model name	: Intel(R) Core(TM)2 Quad CPU    Q9550  @ 2.83GHz
stepping	: 10
microcode	: 0xa0b
cpu MHz		: 2833.556
cache size	: 6144 KB
physical id	: 0
siblings	: 4
core id		: 2
cpu cores	: 4
apicid		: 2
initial apicid	: 2
fpu		: yes
fpu_exception	: yes
cpuid level	: 13
wp		: yes
flags		: fpu vme de pse tsc msr pae mce cx8 apic sep mtrr pge mca cmov pat pse36 clflush dts acpi mmx fxsr sse sse2 ss ht tm pbe syscall nx lm constant_tsc arch_perfmon pebs bts rep_good nopl aperfmperf pni dtes64 monitor ds_cpl vmx smx est tm2 ssse3 cx16 xtpr pdcm sse4_1 xsave lahf_lm dtherm tpr_shadow vnmi flexpriority
bogomips	: 5667.11
clflush size	: 64
cache_alignment	: 64
address sizes	: 36 bits physical, 48 bits virtual
power management:

processor	: 2
vendor_id	: GenuineIntel
cpu family	: 6
model		: 23
model name	: Intel(R) Core(TM)2 Quad CPU    Q9550  @ 2.83GHz
stepping	: 10
microcode	: 0xa0b
cpu MHz		: 2833.556
cache size	: 6144 KB
physical id	: 0
siblings	: 4
core id		: 3
cpu cores	: 4
apicid		: 3
initial apicid	: 3
fpu		: yes
fpu_exception	: yes
cpuid level	: 13
wp		: yes
flags		: fpu vme de pse tsc msr pae mce cx8 apic sep mtrr pge mca cmov pat pse36 clflush dts acpi mmx fxsr sse sse2 ss ht tm pbe syscall nx lm constant_tsc arch_perfmon pebs bts rep_good nopl aperfmperf pni dtes64 monitor ds_cpl vmx smx est tm2 ssse3 cx16 xtpr pdcm sse4_1 xsave lahf_lm dtherm tpr_shadow vnmi flexpriority
bogomips	: 5667.11
clflush size	: 64
cache_alignment	: 64
address sizes	: 36 bits physical, 48 bits virtual
power management:

processor	: 3
vendor_id	: GenuineIntel
cpu family	: 6
model		: 23
model name	: Intel(R) Core(TM)2 Quad CPU    Q9550  @ 2.83GHz
stepping	: 10
microcode	: 0xa0b
cpu MHz		: 2833.556
cache size	: 6144 KB
physical id	: 0
siblings	: 4
core id		: 1
cpu cores	: 4
apicid		: 1
initial apicid	: 1
fpu		: yes
fpu_exception	: yes
cpuid level	: 13
wp		: yes
flags		: fpu vme de pse tsc msr pae mce cx8 apic sep mtrr pge mca cmov pat pse36 clflush dts acpi mmx fxsr sse sse2 ss ht tm pbe syscall nx lm constant_tsc arch_perfmon pebs bts rep_good nopl aperfmperf pni dtes64 monitor ds_cpl vmx smx est tm2 ssse3 cx16 xtpr pdcm sse4_1 xsave lahf_lm dtherm tpr_shadow vnmi flexpriority
bogomips	: 5667.11
clflush size	: 64
cache_alignment	: 64
address sizes	: 36 bits physical, 48 bits virtual
power management:



Memory: 4k page, physical 4057664k(104604k free), swap 9862140k(8920884k free)

vm_info: OpenJDK 64-Bit Server VM (25.112-b06) for linux-amd64 JRE (1.8.0_112-release-b06), built on Dec  6 2016 12:11:18 by "builder" with gcc 4.8.4

time: Mon Oct 30 19:45:10 2017
elapsed time: 11 seconds (0d 0h 0m 11s)

