#
# A fatal error has been detected by the Java Runtime Environment:
#
#  SIGSEGV (0xb) at pc=0x00007fc466005060, pid=15611, tid=0x00007fc48ee66700
#
# JRE version: OpenJDK Runtime Environment (8.0_112-b06) (build 1.8.0_112-release-b06)
# Java VM: OpenJDK 64-Bit Server VM (25.112-b06 mixed mode linux-amd64 compressed oops)
# Problematic frame:
# C  0x00007fc466005060
#
# Failed to write core dump. Core dumps have been disabled. To enable core dumping, try "ulimit -c unlimited" before starting Java again
#
# If you would like to submit a bug report, please visit:
#   http://bugreport.java.com/bugreport/crash.jsp
#

---------------  T H R E A D  ---------------

Current thread (0x00007fc4b4134800):  JavaThread "pool-1-thread-3" [_thread_in_Java, id=15640, stack(0x00007fc48ed66000,0x00007fc48ee67000)]

siginfo: si_signo: 11 (SIGSEGV), si_code: 2 (SEGV_ACCERR), si_addr: 0x00007fc466005060

Registers:
RAX=0x00007fc48ee652b0, RBX=0x00000000ed5d3456, RCX=0x0000000000003297, RDX=0x0000000000000001
RSP=0x00007fc48ee65228, RBP=0x00007fc48ee65340, RSI=0x000000076ae9bbe0, RDI=0x0000000000000001
R8 =0x0000000000000001, R9 =0x0000000000000000, R10=0x0000000000000000, R11=0x000000076ae9bbe0
R12=0x0000000000000000, R13=0x00007fc48ee652f8, R14=0x0000000000000000, R15=0x00007fc4b4134800
RIP=0x00007fc466005060, EFLAGS=0x0000000000010202, CSGSFS=0x0000000000000033, ERR=0x0000000000000014
  TRAPNO=0x000000000000000e

Top of Stack: (sp=0x00007fc48ee65228)
0x00007fc48ee65228:   00007fc4a51db83c 00007fc49cdb9140
0x00007fc48ee65238:   00007fc49cd16f90 0000000000000000
0x00007fc48ee65248:   00007fc48ee65290 00007fc48ee652d8
0x00007fc48ee65258:   00007fc4a5007ffd 000000076ae9bb80
0x00007fc48ee65268:   000000076ae9a2b0 000000076ae9bea0
0x00007fc48ee65278:   0000000000000000 000000076ae9bbe0
0x00007fc48ee65288:   0000000700000002 000000076ae9a2b0
0x00007fc48ee65298:   00007fc48ee65298 0000000000000001
0x00007fc48ee652a8:   000000076ae9bbe0 0000000000000000
0x00007fc48ee652b8:   000000076ae9bbe0 0000000000000000
0x00007fc48ee652c8:   000000076ae9bbe0 00007fc48ee652e8
0x00007fc48ee652d8:   00007fc48ee65340 00007fc48ee65340
0x00007fc48ee652e8:   00007fc4a5007d80 00007fc4a5007d80
0x00007fc48ee652f8:   000000076ae9bbe0 00007fc48ee65300
0x00007fc48ee65308:   00007fc49ccefaa8 00007fc48ee65388
0x00007fc48ee65318:   00007fc49ccf3b68 0000000000000000
0x00007fc48ee65328:   00007fc49ccefb78 00007fc48ee652f8
0x00007fc48ee65338:   00007fc48ee65380 00007fc48ee653d0
0x00007fc48ee65348:   00007fc4a5007ffd 000000076ae9a2b0
0x00007fc48ee65358:   00000000ffffffff 000000076ae99f80
0x00007fc48ee65368:   000000076ae99e90 000000076ae9bbe0
0x00007fc48ee65378:   000000076ae9bbb0 000000076ae9bba0
0x00007fc48ee65388:   000000076ae99df8 00007fc48ee65390
0x00007fc48ee65398:   00007fc49cd1488c 00007fc48ee653e0
0x00007fc48ee653a8:   00007fc49cd155a8 0000000000000000
0x00007fc48ee653b8:   00007fc49cd148c0 00007fc48ee65380
0x00007fc48ee653c8:   00007fc48ee653e0 00007fc48ee65428
0x00007fc48ee653d8:   00007fc4a5007ffd 000000076ae9bb18
0x00007fc48ee653e8:   00007fc48ee653e8 00007fc49ccea988
0x00007fc48ee653f8:   00007fc48ee65458 00007fc49cceb7e8
0x00007fc48ee65408:   0000000000000000 00007fc49ccea9e0
0x00007fc48ee65418:   00007fc48ee653e0 00007fc48ee65448 

Instructions: (pc=0x00007fc466005060)
0x00007fc466005040:   
[error occurred during error reporting (printing registers, top of stack, instructions near pc), id 0xb]

Register to memory mapping:

RAX=0x00007fc48ee652b0 is pointing into the stack for thread: 0x00007fc4b4134800
RBX=0x00000000ed5d3456 is an unknown value
RCX=0x0000000000003297 is an unknown value
RDX=0x0000000000000001 is an unknown value
RSP=0x00007fc48ee65228 is pointing into the stack for thread: 0x00007fc4b4134800
RBP=0x00007fc48ee65340 is pointing into the stack for thread: 0x00007fc4b4134800
RSI=0x000000076ae9bbe0 is an oop
java.util.Stack 
 - klass: 'java/util/Stack'
RDI=0x0000000000000001 is an unknown value
R8 =0x0000000000000001 is an unknown value
R9 =0x0000000000000000 is an unknown value
R10=0x0000000000000000 is an unknown value
R11=0x000000076ae9bbe0 is an oop
java.util.Stack 
 - klass: 'java/util/Stack'
R12=0x0000000000000000 is an unknown value
R13=0x00007fc48ee652f8 is pointing into the stack for thread: 0x00007fc4b4134800
R14=0x0000000000000000 is an unknown value
R15=0x00007fc4b4134800 is a thread


Stack: [0x00007fc48ed66000,0x00007fc48ee67000],  sp=0x00007fc48ee65228,  free space=1020k
Native frames: (J=compiled Java code, j=interpreted, Vv=VM code, C=native code)
C  0x00007fc466005060
j  com.android.dx.ssa.SsaRenamer.run()V+12
j  com.android.dx.ssa.SsaConverter.convertToSsaMethod(Lcom/android/dx/rop/code/RopMethod;IZ)Lcom/android/dx/ssa/SsaMethod;+32
j  com.android.dx.ssa.Optimizer.optimize(Lcom/android/dx/rop/code/RopMethod;IZZLcom/android/dx/rop/code/TranslationAdvice;Ljava/util/EnumSet;)Lcom/android/dx/rop/code/RopMethod;+15
j  com.android.dx.ssa.Optimizer.optimize(Lcom/android/dx/rop/code/RopMethod;IZZLcom/android/dx/rop/code/TranslationAdvice;)Lcom/android/dx/rop/code/RopMethod;+11
j  com.android.dx.dex.cf.CfTranslator.processMethods(Lcom/android/dx/cf/direct/DirectClassFile;Lcom/android/dx/dex/cf/CfOptions;Lcom/android/dx/dex/DexOptions;Lcom/android/dx/dex/file/ClassDefItem;Lcom/android/dx/dex/file/DexFile;)V+265
j  com.android.dx.dex.cf.CfTranslator.translate0(Lcom/android/dx/cf/direct/DirectClassFile;[BLcom/android/dx/dex/cf/CfOptions;Lcom/android/dx/dex/DexOptions;Lcom/android/dx/dex/file/DexFile;)Lcom/android/dx/dex/file/ClassDefItem;+120
j  com.android.dx.dex.cf.CfTranslator.translate(Lcom/android/dx/cf/direct/DirectClassFile;[BLcom/android/dx/dex/cf/CfOptions;Lcom/android/dx/dex/DexOptions;Lcom/android/dx/dex/file/DexFile;)Lcom/android/dx/dex/file/ClassDefItem;+6
j  com.android.dx.command.dexer.Main.translateClass([BLcom/android/dx/cf/direct/DirectClassFile;)Lcom/android/dx/dex/file/ClassDefItem;+17
j  com.android.dx.command.dexer.Main.access$2700([BLcom/android/dx/cf/direct/DirectClassFile;)Lcom/android/dx/dex/file/ClassDefItem;+2
j  com.android.dx.command.dexer.Main$ClassTranslatorTask.call()Lcom/android/dx/dex/file/ClassDefItem;+8
j  com.android.dx.command.dexer.Main$ClassTranslatorTask.call()Ljava/lang/Object;+1
j  java.util.concurrent.FutureTask.run()V+42
j  java.util.concurrent.ThreadPoolExecutor.runWorker(Ljava/util/concurrent/ThreadPoolExecutor$Worker;)V+95
j  java.util.concurrent.ThreadPoolExecutor$Worker.run()V+5
j  java.lang.Thread.run()V+11
v  ~StubRoutines::call_stub
V  [libjvm.so+0x62915a]  JavaCalls::call_helper(JavaValue*, methodHandle*, JavaCallArguments*, Thread*)+0xeea
V  [libjvm.so+0x626834]  JavaCalls::call_virtual(JavaValue*, KlassHandle, Symbol*, Symbol*, JavaCallArguments*, Thread*)+0x2a4
V  [libjvm.so+0x626e2a]  JavaCalls::call_virtual(JavaValue*, Handle, KlassHandle, Symbol*, Symbol*, Thread*)+0x4a
V  [libjvm.so+0x6678ce]  thread_entry(JavaThread*, Thread*)+0x8e
V  [libjvm.so+0x990df8]  JavaThread::thread_main_inner()+0xd8
V  [libjvm.so+0x849c82]  java_start(Thread*)+0xf2
C  [libpthread.so.0+0x8064]  start_thread+0xc4


---------------  P R O C E S S  ---------------

Java Threads: ( => current thread )
  0x00007fc4b4136000 JavaThread "pool-1-thread-4" [_thread_blocked, id=15641, stack(0x00007fc48ec65000,0x00007fc48ed66000)]
=>0x00007fc4b4134800 JavaThread "pool-1-thread-3" [_thread_in_Java, id=15640, stack(0x00007fc48ed66000,0x00007fc48ee67000)]
  0x00007fc4b4133000 JavaThread "pool-1-thread-2" [_thread_in_vm, id=15639, stack(0x00007fc48ee67000,0x00007fc48ef68000)]
  0x00007fc4b4131000 JavaThread "pool-2-thread-1" [_thread_blocked, id=15638, stack(0x00007fc48ef68000,0x00007fc48f069000)]
  0x00007fc4b4130000 JavaThread "pool-1-thread-1" [_thread_in_Java, id=15637, stack(0x00007fc48f069000,0x00007fc48f16a000)]
  0x00007fc4b40bf800 JavaThread "Service Thread" daemon [_thread_blocked, id=15629, stack(0x00007fc48f26b000,0x00007fc48f36c000)]
  0x00007fc4b40bc800 JavaThread "C1 CompilerThread2" daemon [_thread_in_native, id=15628, stack(0x00007fc48f36c000,0x00007fc48f46d000)]
  0x00007fc4b40bb000 JavaThread "C2 CompilerThread1" daemon [_thread_in_native, id=15627, stack(0x00007fc48f46d000,0x00007fc48f56e000)]
  0x00007fc4b40b8000 JavaThread "C2 CompilerThread0" daemon [_thread_in_native, id=15626, stack(0x00007fc48f56e000,0x00007fc48f66f000)]
  0x00007fc4b40b6800 JavaThread "Signal Dispatcher" daemon [_thread_blocked, id=15625, stack(0x00007fc48f66f000,0x00007fc48f770000)]
  0x00007fc4b4083800 JavaThread "Finalizer" daemon [_thread_blocked, id=15624, stack(0x00007fc48f8f9000,0x00007fc48f9fa000)]
  0x00007fc4b407f000 JavaThread "Reference Handler" daemon [_thread_blocked, id=15623, stack(0x00007fc48f9fa000,0x00007fc48fafb000)]
  0x00007fc4b400a000 JavaThread "main" [_thread_blocked, id=15613, stack(0x00007fc4bd1d8000,0x00007fc4bd2d9000)]

Other Threads:
  0x00007fc4b4077000 VMThread [stack: 0x00007fc48fafb000,0x00007fc48fbfc000] [id=15622]
  0x00007fc4b40c2000 WatcherThread [stack: 0x00007fc48f16a000,0x00007fc48f26b000] [id=15630]

VM state:not at safepoint (normal execution)

VM Mutex/Monitor currently owned by a thread: None

Heap:
 PSYoungGen      total 18432K, used 7599K [0x000000076ab00000, 0x000000076cf00000, 0x00000007c0000000)
  eden space 15872K, 31% used [0x000000076ab00000,0x000000076afed340,0x000000076ba80000)
  from space 2560K, 99% used [0x000000076ba80000,0x000000076bcfe9f8,0x000000076bd00000)
  to   space 2560K, 0% used [0x000000076cc80000,0x000000076cc80000,0x000000076cf00000)
 ParOldGen       total 42496K, used 1931K [0x00000006c0000000, 0x00000006c2980000, 0x000000076ab00000)
  object space 42496K, 4% used [0x00000006c0000000,0x00000006c01e2c40,0x00000006c2980000)
 Metaspace       used 5610K, capacity 6704K, committed 6784K, reserved 1056768K
  class space    used 564K, capacity 616K, committed 640K, reserved 1048576K

Card table byte_map: [0x00007fc4b98a3000,0x00007fc4ba0a4000] byte_map_base: 0x00007fc4b62a3000

Marking Bits: (ParMarkBitMap*) 0x00007fc4bc6cf340
 Begin Bits: [0x00007fc49d000000, 0x00007fc4a1000000)
 End Bits:   [0x00007fc4a1000000, 0x00007fc4a5000000)

Polling page: 0x00007fc4bd2fe000

CodeCache: size=245760Kb used=2816Kb max_used=2828Kb free=242943Kb
 bounds [0x00007fc4a5000000, 0x00007fc4a52d0000, 0x00007fc4b4000000]
 total_blobs=953 nmethods=688 adapters=181
 compilation: enabled

Compilation events (10 events):
Event: 1.028 Thread 0x00007fc4b40b8000  747       4       java.util.BitSet::recalculateWordsInUse (39 bytes)
Event: 1.060 Thread 0x00007fc4b40bc800 nmethod 719 0x00007fc4a52a16d0 code [0x00007fc4a52a2940, 0x00007fc4a52b1888]
Event: 1.060 Thread 0x00007fc4b40b8000 nmethod 747 0x00007fc4a5263790 code [0x00007fc4a52638e0, 0x00007fc4a5263998]
Event: 1.060 Thread 0x00007fc4b40b8000  754       4       java.util.BitSet::set (58 bytes)
Event: 1.060 Thread 0x00007fc4b40bc800  746       3       com.android.dx.ssa.Dominators::compress (229 bytes)
Event: 1.062 Thread 0x00007fc4b40bc800 nmethod 746 0x00007fc4a52c0190 code [0x00007fc4a52c0500, 0x00007fc4a52c2488]
Event: 1.062 Thread 0x00007fc4b40bc800  721       3       com.android.dx.cf.code.ValueAwareMachine::run (1142 bytes)
Event: 1.063 Thread 0x00007fc4b40b8000 nmethod 754 0x00007fc4a528ecd0 code [0x00007fc4a528ee20, 0x00007fc4a528f158]
Event: 1.063 Thread 0x00007fc4b40b8000  744  s    4       java.util.Vector::removeElementAt (115 bytes)
Event: 1.065 Thread 0x00007fc4b40b8000 nmethod 744 0x00007fc4a528e750 code [0x00007fc4a528e8a0, 0x00007fc4a528eb58]

GC Heap History (2 events):
Event: 0.896 GC heap before
{Heap before GC invocations=1 (full 0):
 PSYoungGen      total 18432K, used 15872K [0x000000076ab00000, 0x000000076bf80000, 0x00000007c0000000)
  eden space 15872K, 100% used [0x000000076ab00000,0x000000076ba80000,0x000000076ba80000)
  from space 2560K, 0% used [0x000000076bd00000,0x000000076bd00000,0x000000076bf80000)
  to   space 2560K, 0% used [0x000000076ba80000,0x000000076ba80000,0x000000076bd00000)
 ParOldGen       total 42496K, used 0K [0x00000006c0000000, 0x00000006c2980000, 0x000000076ab00000)
  object space 42496K, 0% used [0x00000006c0000000,0x00000006c0000000,0x00000006c2980000)
 Metaspace       used 5556K, capacity 6640K, committed 6784K, reserved 1056768K
  class space    used 564K, capacity 616K, committed 640K, reserved 1048576K
Event: 0.911 GC heap after
Heap after GC invocations=1 (full 0):
 PSYoungGen      total 18432K, used 2554K [0x000000076ab00000, 0x000000076cf00000, 0x00000007c0000000)
  eden space 15872K, 0% used [0x000000076ab00000,0x000000076ab00000,0x000000076ba80000)
  from space 2560K, 99% used [0x000000076ba80000,0x000000076bcfe9f8,0x000000076bd00000)
  to   space 2560K, 0% used [0x000000076cc80000,0x000000076cc80000,0x000000076cf00000)
 ParOldGen       total 42496K, used 1931K [0x00000006c0000000, 0x00000006c2980000, 0x000000076ab00000)
  object space 42496K, 4% used [0x00000006c0000000,0x00000006c01e2c40,0x00000006c2980000)
 Metaspace       used 5556K, capacity 6640K, committed 6784K, reserved 1056768K
  class space    used 564K, capacity 616K, committed 640K, reserved 1048576K
}

Deoptimization events (3 events):
Event: 0.229 Thread 0x00007fc4b400a000 Uncommon trap: reason=unstable_if action=reinterpret pc=0x00007fc4a5154510 method=java.lang.String.indexOf(II)I @ 49
Event: 0.600 Thread 0x00007fc4b4133000 Uncommon trap: reason=unstable_if action=reinterpret pc=0x00007fc4a51cf1f8 method=java.util.HashMap.getNode(ILjava/lang/Object;)Ljava/util/HashMap$Node; @ 62
Event: 0.923 Thread 0x00007fc4b4130000 Uncommon trap: reason=unstable_if action=reinterpret pc=0x00007fc4a51eba40 method=java.util.BitSet.ensureCapacity(I)V @ 6

Internal exceptions (2 events):
Event: 0.028 Thread 0x00007fc4b400a000 Exception <a 'java/lang/NoSuchMethodError': Method sun.misc.Unsafe.defineClass(Ljava/lang/String;[BII)Ljava/lang/Class; name or signature does not match> (0x000000076ab07c78) thrown at [/ssd/Android/AOSP-openjdk/external/jetbrains/jdk/hotspot/src/share/vm
Event: 0.028 Thread 0x00007fc4b400a000 Exception <a 'java/lang/NoSuchMethodError': Method sun.misc.Unsafe.prefetchRead(Ljava/lang/Object;J)V name or signature does not match> (0x000000076ab07f60) thrown at [/ssd/Android/AOSP-openjdk/external/jetbrains/jdk/hotspot/src/share/vm/prims/jni.cpp, li

Events (10 events):
Event: 0.745 loading class java/util/HashMap$KeySet done
Event: 0.745 loading class java/util/HashMap$KeyIterator
Event: 0.745 loading class java/util/HashMap$KeyIterator done
Event: 0.758 loading class java/util/ArrayList$1
Event: 0.759 loading class java/util/ArrayList$1 done
Event: 0.865 Executing VM operation: ParallelGCFailedAllocation
Event: 0.912 Executing VM operation: ParallelGCFailedAllocation done
Event: 0.923 Thread 0x00007fc4b4130000 Uncommon trap: trap_request=0xffffff65 fr.pc=0x00007fc4a51eba40
Event: 0.923 Thread 0x00007fc4b4130000 DEOPT PACKING pc=0x00007fc4a51eba40 sp=0x00007fc48f168230
Event: 0.923 Thread 0x00007fc4b4130000 DEOPT UNPACKING pc=0x00007fc4a5004f69 sp=0x00007fc48f168138 mode 2


Dynamic libraries:
00400000-00401000 r-xp 00000000 08:01 802789                             /opt/android-studio/jre/bin/java
00600000-00601000 r--p 00000000 08:01 802789                             /opt/android-studio/jre/bin/java
00601000-00602000 rw-p 00001000 08:01 802789                             /opt/android-studio/jre/bin/java
01088000-010a9000 rw-p 00000000 00:00 0                                  [heap]
6c0000000-6c2980000 rw-p 00000000 00:00 0 
6c2980000-76ab00000 ---p 00000000 00:00 0 
76ab00000-76cf00000 rw-p 00000000 00:00 0 
76cf00000-7c0000000 ---p 00000000 00:00 0 
7c0000000-7c00a0000 rw-p 00000000 00:00 0 
7c00a0000-800000000 ---p 00000000 00:00 0 
7fc450000000-7fc4502a3000 rw-p 00000000 00:00 0 
7fc4502a3000-7fc454000000 ---p 00000000 00:00 0 
7fc454000000-7fc454021000 rw-p 00000000 00:00 0 
7fc454021000-7fc458000000 ---p 00000000 00:00 0 
7fc458000000-7fc458021000 rw-p 00000000 00:00 0 
7fc458021000-7fc45c000000 ---p 00000000 00:00 0 
7fc45c000000-7fc45c021000 rw-p 00000000 00:00 0 
7fc45c021000-7fc460000000 ---p 00000000 00:00 0 
7fc460000000-7fc460021000 rw-p 00000000 00:00 0 
7fc460021000-7fc464000000 ---p 00000000 00:00 0 
7fc464000000-7fc464033000 rw-p 00000000 00:00 0 
7fc464033000-7fc468000000 ---p 00000000 00:00 0 
7fc468000000-7fc46856d000 rw-p 00000000 00:00 0 
7fc46856d000-7fc46c000000 ---p 00000000 00:00 0 
7fc46c000000-7fc46c021000 rw-p 00000000 00:00 0 
7fc46c021000-7fc470000000 ---p 00000000 00:00 0 
7fc470000000-7fc470219000 rw-p 00000000 00:00 0 
7fc470219000-7fc474000000 ---p 00000000 00:00 0 
7fc474000000-7fc474361000 rw-p 00000000 00:00 0 
7fc474361000-7fc478000000 ---p 00000000 00:00 0 
7fc478000000-7fc478021000 rw-p 00000000 00:00 0 
7fc478021000-7fc47c000000 ---p 00000000 00:00 0 
7fc47c000000-7fc47c021000 rw-p 00000000 00:00 0 
7fc47c021000-7fc480000000 ---p 00000000 00:00 0 
7fc480000000-7fc480021000 rw-p 00000000 00:00 0 
7fc480021000-7fc484000000 ---p 00000000 00:00 0 
7fc484000000-7fc484021000 rw-p 00000000 00:00 0 
7fc484021000-7fc488000000 ---p 00000000 00:00 0 
7fc488000000-7fc488021000 rw-p 00000000 00:00 0 
7fc488021000-7fc48c000000 ---p 00000000 00:00 0 
7fc48ec65000-7fc48ec68000 ---p 00000000 00:00 0 
7fc48ec68000-7fc48ed66000 rw-p 00000000 00:00 0                          [stack:15641]
7fc48ed66000-7fc48ed69000 ---p 00000000 00:00 0 
7fc48ed69000-7fc48ee67000 rw-p 00000000 00:00 0                          [stack:15640]
7fc48ee67000-7fc48ee6a000 ---p 00000000 00:00 0 
7fc48ee6a000-7fc48ef68000 rw-p 00000000 00:00 0                          [stack:15639]
7fc48ef68000-7fc48ef6b000 ---p 00000000 00:00 0 
7fc48ef6b000-7fc48f069000 rw-p 00000000 00:00 0                          [stack:15638]
7fc48f069000-7fc48f06c000 ---p 00000000 00:00 0 
7fc48f06c000-7fc48f16a000 rw-p 00000000 00:00 0                          [stack:15637]
7fc48f16a000-7fc48f16b000 ---p 00000000 00:00 0 
7fc48f16b000-7fc48f26b000 rw-p 00000000 00:00 0                          [stack:15630]
7fc48f26b000-7fc48f26e000 ---p 00000000 00:00 0 
7fc48f26e000-7fc48f36c000 rw-p 00000000 00:00 0                          [stack:15629]
7fc48f36c000-7fc48f36f000 ---p 00000000 00:00 0 
7fc48f36f000-7fc48f46d000 rw-p 00000000 00:00 0                          [stack:15628]
7fc48f46d000-7fc48f470000 ---p 00000000 00:00 0 
7fc48f470000-7fc48f56e000 rw-p 00000000 00:00 0                          [stack:15627]
7fc48f56e000-7fc48f571000 ---p 00000000 00:00 0 
7fc48f571000-7fc48f66f000 rw-p 00000000 00:00 0                          [stack:15626]
7fc48f66f000-7fc48f672000 ---p 00000000 00:00 0 
7fc48f672000-7fc48f770000 rw-p 00000000 00:00 0                          [stack:15625]
7fc48f770000-7fc48f8f9000 r--p 00000000 08:01 393436                     /usr/lib/locale/locale-archive
7fc48f8f9000-7fc48f8fc000 ---p 00000000 00:00 0 
7fc48f8fc000-7fc48f9fa000 rw-p 00000000 00:00 0                          [stack:15624]
7fc48f9fa000-7fc48f9fd000 ---p 00000000 00:00 0 
7fc48f9fd000-7fc48fafb000 rw-p 00000000 00:00 0                          [stack:15623]
7fc48fafb000-7fc48fafc000 ---p 00000000 00:00 0 
7fc48fafc000-7fc490000000 rw-p 00000000 00:00 0                          [stack:15622]
7fc490000000-7fc490021000 rw-p 00000000 00:00 0 
7fc490021000-7fc494000000 ---p 00000000 00:00 0 
7fc494000000-7fc494021000 rw-p 00000000 00:00 0 
7fc494021000-7fc498000000 ---p 00000000 00:00 0 
7fc498000000-7fc498021000 rw-p 00000000 00:00 0 
7fc498021000-7fc49c000000 ---p 00000000 00:00 0 
7fc49c0f9000-7fc49ce00000 rw-p 00000000 00:00 0 
7fc49ce00000-7fc49d000000 ---p 00000000 00:00 0 
7fc49d000000-7fc4a5000000 rw-p 00000000 00:00 0 
7fc4a5000000-7fc4a52d0000 rwxp 00000000 00:00 0 
7fc4a52d0000-7fc4b4000000 ---p 00000000 00:00 0 
7fc4b4000000-7fc4b4379000 rw-p 00000000 00:00 0 
7fc4b4379000-7fc4b8000000 ---p 00000000 00:00 0 
7fc4b800d000-7fc4b8504000 rw-p 00000000 00:00 0 
7fc4b8504000-7fc4b86d3000 r--s 03c1b000 08:01 802846                     /opt/android-studio/jre/jre/lib/rt.jar
7fc4b86d3000-7fc4b8f49000 rw-p 00000000 00:00 0 
7fc4b8f49000-7fc4b8f4a000 ---p 00000000 00:00 0 
7fc4b8f4a000-7fc4b904a000 rw-p 00000000 00:00 0                          [stack:15621]
7fc4b904a000-7fc4b904b000 ---p 00000000 00:00 0 
7fc4b904b000-7fc4b914b000 rw-p 00000000 00:00 0                          [stack:15620]
7fc4b914b000-7fc4b914c000 ---p 00000000 00:00 0 
7fc4b914c000-7fc4b924c000 rw-p 00000000 00:00 0                          [stack:15619]
7fc4b924c000-7fc4b924d000 ---p 00000000 00:00 0 
7fc4b924d000-7fc4b9362000 rw-p 00000000 00:00 0                          [stack:15618]
7fc4b9362000-7fc4b98a3000 ---p 00000000 00:00 0 
7fc4b98a3000-7fc4b98b8000 rw-p 00000000 00:00 0 
7fc4b98b8000-7fc4b9df8000 ---p 00000000 00:00 0 
7fc4b9df8000-7fc4b9e0b000 rw-p 00000000 00:00 0 
7fc4b9e0b000-7fc4ba0a3000 ---p 00000000 00:00 0 
7fc4ba0a3000-7fc4ba0b0000 rw-p 00000000 00:00 0 
7fc4ba0b0000-7fc4ba464000 ---p 00000000 00:00 0 
7fc4ba464000-7fc4ba47e000 r-xp 00000000 08:01 802873                     /opt/android-studio/jre/jre/lib/amd64/libzip.so
7fc4ba47e000-7fc4ba67e000 ---p 0001a000 08:01 802873                     /opt/android-studio/jre/jre/lib/amd64/libzip.so
7fc4ba67e000-7fc4ba67f000 r--p 0001a000 08:01 802873                     /opt/android-studio/jre/jre/lib/amd64/libzip.so
7fc4ba67f000-7fc4ba680000 rw-p 0001b000 08:01 802873                     /opt/android-studio/jre/jre/lib/amd64/libzip.so
7fc4ba680000-7fc4ba68b000 r-xp 00000000 08:01 3807622                    /lib/x86_64-linux-gnu/libnss_files-2.19.so
7fc4ba68b000-7fc4ba88a000 ---p 0000b000 08:01 3807622                    /lib/x86_64-linux-gnu/libnss_files-2.19.so
7fc4ba88a000-7fc4ba88b000 r--p 0000a000 08:01 3807622                    /lib/x86_64-linux-gnu/libnss_files-2.19.so
7fc4ba88b000-7fc4ba88c000 rw-p 0000b000 08:01 3807622                    /lib/x86_64-linux-gnu/libnss_files-2.19.so
7fc4ba88c000-7fc4ba896000 r-xp 00000000 08:01 3807624                    /lib/x86_64-linux-gnu/libnss_nis-2.19.so
7fc4ba896000-7fc4baa95000 ---p 0000a000 08:01 3807624                    /lib/x86_64-linux-gnu/libnss_nis-2.19.so
7fc4baa95000-7fc4baa96000 r--p 00009000 08:01 3807624                    /lib/x86_64-linux-gnu/libnss_nis-2.19.so
7fc4baa96000-7fc4baa97000 rw-p 0000a000 08:01 3807624                    /lib/x86_64-linux-gnu/libnss_nis-2.19.so
7fc4baa97000-7fc4baaac000 r-xp 00000000 08:01 3807619                    /lib/x86_64-linux-gnu/libnsl-2.19.so
7fc4baaac000-7fc4bacab000 ---p 00015000 08:01 3807619                    /lib/x86_64-linux-gnu/libnsl-2.19.so
7fc4bacab000-7fc4bacac000 r--p 00014000 08:01 3807619                    /lib/x86_64-linux-gnu/libnsl-2.19.so
7fc4bacac000-7fc4bacad000 rw-p 00015000 08:01 3807619                    /lib/x86_64-linux-gnu/libnsl-2.19.so
7fc4bacad000-7fc4bacaf000 rw-p 00000000 00:00 0 
7fc4bacaf000-7fc4bacb6000 r-xp 00000000 08:01 3807620                    /lib/x86_64-linux-gnu/libnss_compat-2.19.so
7fc4bacb6000-7fc4baeb5000 ---p 00007000 08:01 3807620                    /lib/x86_64-linux-gnu/libnss_compat-2.19.so
7fc4baeb5000-7fc4baeb6000 r--p 00006000 08:01 3807620                    /lib/x86_64-linux-gnu/libnss_compat-2.19.so
7fc4baeb6000-7fc4baeb7000 rw-p 00007000 08:01 3807620                    /lib/x86_64-linux-gnu/libnss_compat-2.19.so
7fc4baeb7000-7fc4baee4000 r-xp 00000000 08:01 802883                     /opt/android-studio/jre/jre/lib/amd64/libjava.so
7fc4baee4000-7fc4bb0e3000 ---p 0002d000 08:01 802883                     /opt/android-studio/jre/jre/lib/amd64/libjava.so
7fc4bb0e3000-7fc4bb0e4000 r--p 0002c000 08:01 802883                     /opt/android-studio/jre/jre/lib/amd64/libjava.so
7fc4bb0e4000-7fc4bb0e6000 rw-p 0002d000 08:01 802883                     /opt/android-studio/jre/jre/lib/amd64/libjava.so
7fc4bb0e6000-7fc4bb0f6000 r-xp 00000000 08:01 802899                     /opt/android-studio/jre/jre/lib/amd64/libverify.so
7fc4bb0f6000-7fc4bb2f5000 ---p 00010000 08:01 802899                     /opt/android-studio/jre/jre/lib/amd64/libverify.so
7fc4bb2f5000-7fc4bb2f7000 r--p 0000f000 08:01 802899                     /opt/android-studio/jre/jre/lib/amd64/libverify.so
7fc4bb2f7000-7fc4bb2f8000 rw-p 00011000 08:01 802899                     /opt/android-studio/jre/jre/lib/amd64/libverify.so
7fc4bb2f8000-7fc4bb2ff000 r-xp 00000000 08:01 3807628                    /lib/x86_64-linux-gnu/librt-2.19.so
7fc4bb2ff000-7fc4bb4fe000 ---p 00007000 08:01 3807628                    /lib/x86_64-linux-gnu/librt-2.19.so
7fc4bb4fe000-7fc4bb4ff000 r--p 00006000 08:01 3807628                    /lib/x86_64-linux-gnu/librt-2.19.so
7fc4bb4ff000-7fc4bb500000 rw-p 00007000 08:01 3807628                    /lib/x86_64-linux-gnu/librt-2.19.so
7fc4bb500000-7fc4bb600000 r-xp 00000000 08:01 3807617                    /lib/x86_64-linux-gnu/libm-2.19.so
7fc4bb600000-7fc4bb7ff000 ---p 00100000 08:01 3807617                    /lib/x86_64-linux-gnu/libm-2.19.so
7fc4bb7ff000-7fc4bb800000 r--p 000ff000 08:01 3807617                    /lib/x86_64-linux-gnu/libm-2.19.so
7fc4bb800000-7fc4bb801000 rw-p 00100000 08:01 3807617                    /lib/x86_64-linux-gnu/libm-2.19.so
7fc4bb801000-7fc4bc3f2000 r-xp 00000000 08:01 802903                     /opt/android-studio/jre/jre/lib/amd64/server/libjvm.so
7fc4bc3f2000-7fc4bc5f2000 ---p 00bf1000 08:01 802903                     /opt/android-studio/jre/jre/lib/amd64/server/libjvm.so
7fc4bc5f2000-7fc4bc691000 r--p 00bf1000 08:01 802903                     /opt/android-studio/jre/jre/lib/amd64/server/libjvm.so
7fc4bc691000-7fc4bc6ba000 rw-p 00c90000 08:01 802903                     /opt/android-studio/jre/jre/lib/amd64/server/libjvm.so
7fc4bc6ba000-7fc4bc6fe000 rw-p 00000000 00:00 0 
7fc4bc6fe000-7fc4bc716000 r-xp 00000000 08:01 3801586                    /lib/x86_64-linux-gnu/libpthread-2.19.so
7fc4bc716000-7fc4bc915000 ---p 00018000 08:01 3801586                    /lib/x86_64-linux-gnu/libpthread-2.19.so
7fc4bc915000-7fc4bc916000 r--p 00017000 08:01 3801586                    /lib/x86_64-linux-gnu/libpthread-2.19.so
7fc4bc916000-7fc4bc917000 rw-p 00018000 08:01 3801586                    /lib/x86_64-linux-gnu/libpthread-2.19.so
7fc4bc917000-7fc4bc91b000 rw-p 00000000 00:00 0 
7fc4bc91b000-7fc4bc91e000 r-xp 00000000 08:01 3807616                    /lib/x86_64-linux-gnu/libdl-2.19.so
7fc4bc91e000-7fc4bcb1d000 ---p 00003000 08:01 3807616                    /lib/x86_64-linux-gnu/libdl-2.19.so
7fc4bcb1d000-7fc4bcb1e000 r--p 00002000 08:01 3807616                    /lib/x86_64-linux-gnu/libdl-2.19.so
7fc4bcb1e000-7fc4bcb1f000 rw-p 00003000 08:01 3807616                    /lib/x86_64-linux-gnu/libdl-2.19.so
7fc4bcb1f000-7fc4bccc0000 r-xp 00000000 08:01 3807613                    /lib/x86_64-linux-gnu/libc-2.19.so
7fc4bccc0000-7fc4bcec0000 ---p 001a1000 08:01 3807613                    /lib/x86_64-linux-gnu/libc-2.19.so
7fc4bcec0000-7fc4bcec4000 r--p 001a1000 08:01 3807613                    /lib/x86_64-linux-gnu/libc-2.19.so
7fc4bcec4000-7fc4bcec6000 rw-p 001a5000 08:01 3807613                    /lib/x86_64-linux-gnu/libc-2.19.so
7fc4bcec6000-7fc4bceca000 rw-p 00000000 00:00 0 
7fc4bceca000-7fc4bcee0000 r-xp 00000000 08:01 802763                     /opt/android-studio/jre/lib/amd64/jli/libjli.so
7fc4bcee0000-7fc4bd0df000 ---p 00016000 08:01 802763                     /opt/android-studio/jre/lib/amd64/jli/libjli.so
7fc4bd0df000-7fc4bd0e0000 r--p 00015000 08:01 802763                     /opt/android-studio/jre/lib/amd64/jli/libjli.so
7fc4bd0e0000-7fc4bd0e1000 rw-p 00016000 08:01 802763                     /opt/android-studio/jre/lib/amd64/jli/libjli.so
7fc4bd0e1000-7fc4bd102000 r-xp 00000000 08:01 3801587                    /lib/x86_64-linux-gnu/ld-2.19.so
7fc4bd105000-7fc4bd1d8000 rw-p 00000000 00:00 0 
7fc4bd1d8000-7fc4bd1db000 ---p 00000000 00:00 0 
7fc4bd1db000-7fc4bd2dd000 rw-p 00000000 00:00 0                          [stack:15613]
7fc4bd2e5000-7fc4bd2e7000 rw-p 00000000 00:00 0 
7fc4bd2e7000-7fc4bd2f5000 r--s 000e0000 08:01 1717867                    /root/Android/Sdk/build-tools/25.0.2/lib/dx.jar
7fc4bd2f5000-7fc4bd2fd000 rw-s 00000000 08:01 1465179                    /tmp/hsperfdata_root/15611
7fc4bd2fd000-7fc4bd2fe000 rw-p 00000000 00:00 0 
7fc4bd2fe000-7fc4bd2ff000 r--p 00000000 00:00 0 
7fc4bd2ff000-7fc4bd301000 rw-p 00000000 00:00 0 
7fc4bd301000-7fc4bd302000 r--p 00020000 08:01 3801587                    /lib/x86_64-linux-gnu/ld-2.19.so
7fc4bd302000-7fc4bd303000 rw-p 00021000 08:01 3801587                    /lib/x86_64-linux-gnu/ld-2.19.so
7fc4bd303000-7fc4bd304000 rw-p 00000000 00:00 0 
7fff46da2000-7fff46dc3000 rw-p 00000000 00:00 0                          [stack]
7fff46dc5000-7fff46dc7000 r-xp 00000000 00:00 0                          [vdso]
7fff46dc7000-7fff46dc9000 r--p 00000000 00:00 0                          [vvar]
ffffffffff600000-ffffffffff601000 r-xp 00000000 00:00 0                  [vsyscall]

VM Arguments:
jvm_args: -Djava.awt.headless=true -Xmx4g -Dfile.encoding=UTF-8 -Duser.country=US -Duser.language=en -Duser.variant 
java_command: com.android.dx.command.Main --dex --num-threads=4 --output /home/ioannisgk/EVsharingApp/app/build/intermediates/pre-dexed/debug/jasypt-spring31-1.9.2_97c36a0a2215d3ed153d3f75f04c39423ef91a9e.jar /home/ioannisgk/EVsharingApp/app/lib/jasypt-spring31-1.9.2.jar
java_class_path (initial): /root/Android/Sdk/build-tools/25.0.2/lib/dx.jar
Launcher Type: SUN_STANDARD

Environment Variables:
JAVA_HOME=/opt/java-jdk/jdk1.8.0_151
PATH=/usr/local/sbin:/usr/local/bin:/usr/sbin:/usr/bin:/sbin:/bin
LD_LIBRARY_PATH=.:
SHELL=/bin/bash
DISPLAY=:0

Signal Handlers:
SIGSEGV: [libjvm.so+0x9e5150], sa_mask[0]=11111111011111111101111111111110, sa_flags=SA_RESTART|SA_SIGINFO
SIGBUS: [libjvm.so+0x9e5150], sa_mask[0]=11111111011111111101111111111110, sa_flags=SA_RESTART|SA_SIGINFO
SIGFPE: [libjvm.so+0x848450], sa_mask[0]=11111111011111111101111111111110, sa_flags=SA_RESTART|SA_SIGINFO
SIGPIPE: [libjvm.so+0x848450], sa_mask[0]=11111111011111111101111111111110, sa_flags=SA_RESTART|SA_SIGINFO
SIGXFSZ: [libjvm.so+0x848450], sa_mask[0]=11111111011111111101111111111110, sa_flags=SA_RESTART|SA_SIGINFO
SIGILL: [libjvm.so+0x848450], sa_mask[0]=11111111011111111101111111111110, sa_flags=SA_RESTART|SA_SIGINFO
SIGUSR1: SIG_DFL, sa_mask[0]=00000000000000000000000000000000, sa_flags=none
SIGUSR2: [libjvm.so+0x848320], sa_mask[0]=00100000000000000000000000000000, sa_flags=SA_RESTART|SA_SIGINFO
SIGHUP: [libjvm.so+0x848510], sa_mask[0]=11111111011111111101111111111110, sa_flags=SA_RESTART|SA_SIGINFO
SIGINT: [libjvm.so+0x848510], sa_mask[0]=11111111011111111101111111111110, sa_flags=SA_RESTART|SA_SIGINFO
SIGTERM: [libjvm.so+0x848510], sa_mask[0]=11111111011111111101111111111110, sa_flags=SA_RESTART|SA_SIGINFO
SIGQUIT: [libjvm.so+0x848510], sa_mask[0]=11111111011111111101111111111110, sa_flags=SA_RESTART|SA_SIGINFO


---------------  S Y S T E M  ---------------

OS:PRETTY_NAME="Debian GNU/Linux 8 (jessie)"
NAME="Debian GNU/Linux"
VERSION_ID="8"
VERSION="8 (jessie)"
ID=debian
HOME_URL="http://www.debian.org/"
SUPPORT_URL="http://www.debian.org/support"
BUG_REPORT_URL="https://bugs.debian.org/"

uname:Linux 3.16.0-4-amd64 #1 SMP Debian 3.16.43-2+deb8u5 (2017-09-19) x86_64
libc:glibc 2.19 NPTL 2.19 
rlimit: STACK 8192k, CORE 0k, NPROC 15780, NOFILE 65536, AS infinity
load average:4.35 2.00 1.17

/proc/meminfo:
MemTotal:        4057664 kB
MemFree:          167872 kB
MemAvailable:     264428 kB
Buffers:           22260 kB
Cached:           644776 kB
SwapCached:       127952 kB
Active:          2598020 kB
Inactive:        1000956 kB
Active(anon):    2517904 kB
Inactive(anon):   861556 kB
Active(file):      80116 kB
Inactive(file):   139400 kB
Unevictable:        2032 kB
Mlocked:            2032 kB
SwapTotal:       9862140 kB
SwapFree:        9010316 kB
Dirty:              4184 kB
Writeback:             0 kB
AnonPages:       2868256 kB
Mapped:           592356 kB
Shmem:            447520 kB
Slab:             135640 kB
SReclaimable:      91964 kB
SUnreclaim:        43676 kB
KernelStack:       12480 kB
PageTables:        46824 kB
NFS_Unstable:          0 kB
Bounce:                0 kB
WritebackTmp:          0 kB
CommitLimit:    11890972 kB
Committed_AS:   10703168 kB
VmallocTotal:   34359738367 kB
VmallocUsed:      346888 kB
VmallocChunk:   34359388156 kB
HardwareCorrupted:     0 kB
AnonHugePages:         0 kB
HugePages_Total:       0
HugePages_Free:        0
HugePages_Rsvd:        0
HugePages_Surp:        0
Hugepagesize:       2048 kB
DirectMap4k:     3615680 kB
DirectMap2M:      577536 kB


CPU:total 4 (4 cores per cpu, 1 threads per core) family 6 model 23 stepping 10, cmov, cx8, fxsr, mmx, sse, sse2, sse3, ssse3, sse4.1, tsc

/proc/cpuinfo:
processor	: 0
vendor_id	: GenuineIntel
cpu family	: 6
model		: 23
model name	: Intel(R) Core(TM)2 Quad CPU    Q9550  @ 2.83GHz
stepping	: 10
microcode	: 0xa0b
cpu MHz		: 2833.556
cache size	: 6144 KB
physical id	: 0
siblings	: 4
core id		: 0
cpu cores	: 4
apicid		: 0
initial apicid	: 0
fpu		: yes
fpu_exception	: yes
cpuid level	: 13
wp		: yes
flags		: fpu vme de pse tsc msr pae mce cx8 apic sep mtrr pge mca cmov pat pse36 clflush dts acpi mmx fxsr sse sse2 ss ht tm pbe syscall nx lm constant_tsc arch_perfmon pebs bts rep_good nopl aperfmperf pni dtes64 monitor ds_cpl vmx smx est tm2 ssse3 cx16 xtpr pdcm sse4_1 xsave lahf_lm dtherm tpr_shadow vnmi flexpriority
bogomips	: 5667.11
clflush size	: 64
cache_alignment	: 64
address sizes	: 36 bits physical, 48 bits virtual
power management:

processor	: 1
vendor_id	: GenuineIntel
cpu family	: 6
model		: 23
model name	: Intel(R) Core(TM)2 Quad CPU    Q9550  @ 2.83GHz
stepping	: 10
microcode	: 0xa0b
cpu MHz		: 2833.556
cache size	: 6144 KB
physical id	: 0
siblings	: 4
core id		: 2
cpu cores	: 4
apicid		: 2
initial apicid	: 2
fpu		: yes
fpu_exception	: yes
cpuid level	: 13
wp		: yes
flags		: fpu vme de pse tsc msr pae mce cx8 apic sep mtrr pge mca cmov pat pse36 clflush dts acpi mmx fxsr sse sse2 ss ht tm pbe syscall nx lm constant_tsc arch_perfmon pebs bts rep_good nopl aperfmperf pni dtes64 monitor ds_cpl vmx smx est tm2 ssse3 cx16 xtpr pdcm sse4_1 xsave lahf_lm dtherm tpr_shadow vnmi flexpriority
bogomips	: 5667.11
clflush size	: 64
cache_alignment	: 64
address sizes	: 36 bits physical, 48 bits virtual
power management:

processor	: 2
vendor_id	: GenuineIntel
cpu family	: 6
model		: 23
model name	: Intel(R) Core(TM)2 Quad CPU    Q9550  @ 2.83GHz
stepping	: 10
microcode	: 0xa0b
cpu MHz		: 2833.556
cache size	: 6144 KB
physical id	: 0
siblings	: 4
core id		: 3
cpu cores	: 4
apicid		: 3
initial apicid	: 3
fpu		: yes
fpu_exception	: yes
cpuid level	: 13
wp		: yes
flags		: fpu vme de pse tsc msr pae mce cx8 apic sep mtrr pge mca cmov pat pse36 clflush dts acpi mmx fxsr sse sse2 ss ht tm pbe syscall nx lm constant_tsc arch_perfmon pebs bts rep_good nopl aperfmperf pni dtes64 monitor ds_cpl vmx smx est tm2 ssse3 cx16 xtpr pdcm sse4_1 xsave lahf_lm dtherm tpr_shadow vnmi flexpriority
bogomips	: 5667.11
clflush size	: 64
cache_alignment	: 64
address sizes	: 36 bits physical, 48 bits virtual
power management:

processor	: 3
vendor_id	: GenuineIntel
cpu family	: 6
model		: 23
model name	: Intel(R) Core(TM)2 Quad CPU    Q9550  @ 2.83GHz
stepping	: 10
microcode	: 0xa0b
cpu MHz		: 2833.556
cache size	: 6144 KB
physical id	: 0
siblings	: 4
core id		: 1
cpu cores	: 4
apicid		: 1
initial apicid	: 1
fpu		: yes
fpu_exception	: yes
cpuid level	: 13
wp		: yes
flags		: fpu vme de pse tsc msr pae mce cx8 apic sep mtrr pge mca cmov pat pse36 clflush dts acpi mmx fxsr sse sse2 ss ht tm pbe syscall nx lm constant_tsc arch_perfmon pebs bts rep_good nopl aperfmperf pni dtes64 monitor ds_cpl vmx smx est tm2 ssse3 cx16 xtpr pdcm sse4_1 xsave lahf_lm dtherm tpr_shadow vnmi flexpriority
bogomips	: 5667.11
clflush size	: 64
cache_alignment	: 64
address sizes	: 36 bits physical, 48 bits virtual
power management:



Memory: 4k page, physical 4057664k(167872k free), swap 9862140k(9010316k free)

vm_info: OpenJDK 64-Bit Server VM (25.112-b06) for linux-amd64 JRE (1.8.0_112-release-b06), built on Dec  6 2016 12:11:18 by "builder" with gcc 4.8.4

time: Mon Oct 30 19:44:59 2017
elapsed time: 1 seconds (0d 0h 0m 1s)

